
   --- Expanded Deck Component Count ---
B's 2
C's 6
D's 9
E's 1
G's 1
L's 4
M's 1
R's 16
V's 3
tot: 43


    --- Expanded Netlist ---
* C:\Users\lars_\Documents\Studium_offline\Faecher\Semester_3\ETP1\Documents_ETP1\Design2.asc
l1 led- n001 680µ
r1 pwm 0 100k
rsense s+ led+ 1
r4 led+ s- 4.7k
c2 s+ s- 10p
c3 s+ 0 100n
rgain n002 0 1.47k
r6 adc n002 4.7k
c4 adc 0 1µ
g1 0 n002 s+ s- 0.004
l:u1:d n001 u1:5 2e-10
r:u1:ld2 n001 u1:5 0.502654824574367
r:u1:ld1 u1:5 u1:4 7e-05
l:u1:g pwm u1:1 7.81292696075128e-10
r:u1:lg pwm u1:1 1.96360271543439
l:u1:s 0 u1:8 3.69337910493836e-09
r:u1:ls2 0 u1:8 9.28247413039712
r:u1:ls1 u1:8 u1:7 0.0191241799894491
r:u1:ds u1:7 u1:4 5500000 tc=-0.005
r:u1:s u1:6 u1:7 0.0001
r:u1:d u1:3 u1:4 0.0886791635758652 tc=0.00557195984560532,1.50445021377994e-05
r:u1:bd u1:9 u1:4 0.00423812769377479 tc=0.00557195984560532,1.50445021377994e-05
d:u1:bd u1:7 u1:9 u1:dbd 
m:u1:1 u1:3 u1:2 u1:6 u1:6 u1:mint 
r:u1:gs u1:2 u1:6 150000000
c:u1:gs u1:2 u1:6 2.15e-10
r:u1:g u1:1 u1:2 0.34
c:u1:11 u1:11 u1:12 1e-12
v:u1:11 u1:11 0 0vdc
b:u1:§g11 u1:3 u1:2 i=v(u1:13,0)*i(v:u1:11) 
e:u1:11 u1:12 0 u1:3 u1:2 1
b:u1:§e12 u1:13 0 v=table(v(u1:12),-0.5,396.208,-0.2,351.798,-0.1,350.383,0,318.89292,0.1,269.74936,0.2,269.37304,0.5,194.24412,1,141.19928,2,109.32392,3,95.78292,4,87.07591,5,80.62141,6,75.65487,8,68.40671,10,63.19186,12,59.14125,15,54.46711,16,53.09894,20,48.88082,25,44.90711,30,41.88,44,36.15473)
v1 s+ 0 24
v2 pwm 0 pulse(0 3.3 0 0 0 6.5e-006 0.00001)
d3 p001 p002 lxhl-bw02
d4 p002 p003 lxhl-bw02
d5 p003 p004 lxhl-bw02
d6 p004 p005 lxhl-bw02
d7 p005 led- lxhl-bw02
d2 led+ p001 lxhl-bw02
d1 n001 s+ ss13l
c1 led+ led- 100µ
d8 s+ led+ ss34
.model ss34 d is=8.096e-04 n=1.00 rs=8.2030e-3 ikf=1.8287e-5 cjo=1.0854n m=0.4517 vj=0.3905 bv=40 ibv=2.5e-4 eg=0.68 iave=3 vpk=40 mfg=fairchild type=schottky
.model ss13l d(is=1.4837e-6 n=1.0443 rs=54.747e-3 ikf=.44154 cjo=147.94e-12 m=.49997 vj=1.0845 isr=205.41e-9 nr=4.9950 bv=30 ibv=10e-6 tt=7.3989e-9 type=schottky)
.model lxhl-bw02 d(is=4.5e-20 rs=.85 n=2.6 cjo=1.18n xti=200 iave=400ma vpk=5 mfg=lumileds type=led)
.model u1:dbd d(bv=60.5 ibv=2.500000e-004 rs=1e-6 is=9.91320728256447e-14 n=1 m=0.45 vj=0.68 fc=0.5 cjo=9.398912e-11 tt=1.2e-08)
.model u1:mint nmos(vto=1.68555981888096 kp=1.293029e+001 nfs=330000000000 eta=1000 level=3 l=1e-4 w=1e-4 gamma=0 phi=0.6 is=1e-24 js=0 pb=0.8 cj=0 cjsw=0 cgso=0 cgdo=0 cgbo=0 tox=1e-07 xj=0 u0=600 vmax=1000)
.tran 15m
.end

Limiting rise time of source v2 to 3.5e-007
Limiting fall time of source v2 to 3.5e-007
Direct Newton iteration for .op point succeeded.
.step x=6.5e-006
Heightened Def Con from 4.16995e-010 to 4.417e-009
Heightened Def Con from 7.21188e-006 to 7.22588e-006
Heightened Def Con from 1.72118e-005 to 1.72258e-005
Heightened Def Con from 2.72072e-005 to 2.72232e-005
Heightened Def Con from 3.72117e-005 to 3.72257e-005
Heightened Def Con from 4.72073e-005 to 4.72233e-005
Heightened Def Con from 5.72123e-005 to 5.72263e-005
Heightened Def Con from 6.72117e-005 to 6.72257e-005
Heightened Def Con from 7.7212e-005 to 7.7226e-005
Heightened Def Con from 8.72117e-005 to 8.72257e-005
Heightened Def Con from 9.72072e-005 to 9.72232e-005
Heightened Def Con from 0.000107212 to 0.000107224
Heightened Def Con from 0.000117212 to 0.000117226
Heightened Def Con from 0.000127212 to 0.000127226
Heightened Def Con from 0.000137212 to 0.000137226
Heightened Def Con from 0.000147212 to 0.000147226
Heightened Def Con from 0.000157212 to 0.000157226
Heightened Def Con from 0.000167212 to 0.000167226
Heightened Def Con from 0.000177212 to 0.000177226
Heightened Def Con from 0.000187212 to 0.000187226
Heightened Def Con from 0.000197212 to 0.000197224
Heightened Def Con from 0.000207212 to 0.000207226
Heightened Def Con from 0.000217212 to 0.000217226
Heightened Def Con from 0.000227212 to 0.000227226
Heightened Def Con from 0.000237212 to 0.000237226
Heightened Def Con from 0.000247212 to 0.000247226
Heightened Def Con from 0.000257207 to 0.000257223
Heightened Def Con from 0.000267212 to 0.000267226
Heightened Def Con from 0.000277212 to 0.000277224
Heightened Def Con from 0.000277224 to 0.000277227
Heightened Def Con from 0.000287212 to 0.000287226
Heightened Def Con from 0.000297212 to 0.000297226
Heightened Def Con from 0.000307212 to 0.000307226
Heightened Def Con from 0.000317212 to 0.000317226
Heightened Def Con from 0.000327212 to 0.000327226
Heightened Def Con from 0.000337212 to 0.000337224
Heightened Def Con from 0.000347212 to 0.000347224
Heightened Def Con from 0.000357212 to 0.000357226
Heightened Def Con from 0.000367212 to 0.000367224
Heightened Def Con from 0.000377212 to 0.000377226
Heightened Def Con from 0.000387212 to 0.000387224
Heightened Def Con from 0.000397212 to 0.000397224
Heightened Def Con from 0.000407212 to 0.000407226
Heightened Def Con from 0.000417212 to 0.000417226
Heightened Def Con from 0.000427212 to 0.000427226
Heightened Def Con from 0.000437207 to 0.000437223
Heightened Def Con from 0.000447207 to 0.000447223
Heightened Def Con from 0.000457212 to 0.000457226
Heightened Def Con from 0.000467212 to 0.000467224
Heightened Def Con from 0.000477212 to 0.000477226
Heightened Def Con from 0.000487212 to 0.000487226
Heightened Def Con from 0.000497212 to 0.000497224
Heightened Def Con from 0.000507212 to 0.000507226
Heightened Def Con from 0.000517212 to 0.000517226
Heightened Def Con from 0.000527212 to 0.000527226
Heightened Def Con from 0.000537212 to 0.000537224
Heightened Def Con from 0.000547212 to 0.000547224
Heightened Def Con from 0.000557212 to 0.000557224
Heightened Def Con from 0.000567212 to 0.000567224
Heightened Def Con from 0.000577212 to 0.000577226
Heightened Def Con from 0.000587212 to 0.000587226
Heightened Def Con from 0.000597212 to 0.000597226
Heightened Def Con from 0.000607212 to 0.000607226
Heightened Def Con from 0.000617212 to 0.000617224
Heightened Def Con from 0.000627212 to 0.000627226
Heightened Def Con from 0.000637212 to 0.000637226
Heightened Def Con from 0.000647212 to 0.000647226
Heightened Def Con from 0.000657207 to 0.000657223
Heightened Def Con from 0.000667212 to 0.000667224
Heightened Def Con from 0.000677212 to 0.000677224
Heightened Def Con from 0.000687212 to 0.000687226
Heightened Def Con from 0.000697207 to 0.000697223
Heightened Def Con from 0.000707212 to 0.000707226
Heightened Def Con from 0.000717207 to 0.000717223
Heightened Def Con from 0.000727212 to 0.000727226
Heightened Def Con from 0.000737212 to 0.000737226
Heightened Def Con from 0.000747212 to 0.000747224
Heightened Def Con from 0.000757212 to 0.000757226
Heightened Def Con from 0.000767212 to 0.000767224
Heightened Def Con from 0.000777201 to 0.000777218
Heightened Def Con from 0.000787212 to 0.000787226
Heightened Def Con from 0.000797207 to 0.000797223
Heightened Def Con from 0.000807212 to 0.000807226
Heightened Def Con from 0.000817212 to 0.000817226
Heightened Def Con from 0.000827212 to 0.000827226
Heightened Def Con from 0.000837212 to 0.000837226
Heightened Def Con from 0.000847212 to 0.000847227
Heightened Def Con from 0.000857211 to 0.000857223
Heightened Def Con from 0.000867212 to 0.000867226
Heightened Def Con from 0.000877212 to 0.000877224
Heightened Def Con from 0.000887212 to 0.000887226
Heightened Def Con from 0.000897212 to 0.000897226
Heightened Def Con from 0.000907212 to 0.000907224
Heightened Def Con from 0.000917212 to 0.000917226
Heightened Def Con from 0.000927211 to 0.000927223
Heightened Def Con from 0.000927223 to 0.000927226
Heightened Def Con from 0.000937207 to 0.000937223
Heightened Def Con from 0.000947207 to 0.000947223
Heightened Def Con from 0.000957212 to 0.000957226
Heightened Def Con from 0.000967207 to 0.000967223
Heightened Def Con from 0.000977212 to 0.000977226
Heightened Def Con from 0.000987212 to 0.000987224
Heightened Def Con from 0.000997212 to 0.000997224
Heightened Def Con from 0.000997224 to 0.000997227
Heightened Def Con from 0.00100721 to 0.00100723
Heightened Def Con from 0.00101721 to 0.00101722
Heightened Def Con from 0.00102721 to 0.00102723
Heightened Def Con from 0.00103721 to 0.00103722
Heightened Def Con from 0.00103722 to 0.00103723
Heightened Def Con from 0.00104721 to 0.00104722
Heightened Def Con from 0.00105721 to 0.00105722
Heightened Def Con from 0.00106721 to 0.00106722
Heightened Def Con from 0.00107721 to 0.00107722
Heightened Def Con from 0.00108721 to 0.00108723
Heightened Def Con from 0.00109721 to 0.00109722
Heightened Def Con from 0.00109722 to 0.00109723
Heightened Def Con from 0.00110721 to 0.00110722
Heightened Def Con from 0.00111721 to 0.00111723
Heightened Def Con from 0.00112721 to 0.00112722
Heightened Def Con from 0.00113721 to 0.00113722
Heightened Def Con from 0.00114721 to 0.00114723
Heightened Def Con from 0.00115721 to 0.00115722
Heightened Def Con from 0.00116721 to 0.00116723
Heightened Def Con from 0.00117721 to 0.00117723
Heightened Def Con from 0.0011872 to 0.00118722
Heightened Def Con from 0.00118722 to 0.00118722
Heightened Def Con from 0.00119721 to 0.00119723
Heightened Def Con from 0.00120721 to 0.00120723
Heightened Def Con from 0.00121721 to 0.00121722
Heightened Def Con from 0.0012272 to 0.00122722
Heightened Def Con from 0.00123721 to 0.00123723
Heightened Def Con from 0.00124721 to 0.00124723
Heightened Def Con from 0.00125721 to 0.00125722
Heightened Def Con from 0.00126721 to 0.00126722
Heightened Def Con from 0.00126722 to 0.00126723
Heightened Def Con from 0.00127721 to 0.00127723
Heightened Def Con from 0.00128721 to 0.00128723
Heightened Def Con from 0.00129721 to 0.00129722
Heightened Def Con from 0.00130721 to 0.00130723
Heightened Def Con from 0.0013172 to 0.00131722
Heightened Def Con from 0.00131722 to 0.00131722
Heightened Def Con from 0.0013272 to 0.00132722
Heightened Def Con from 0.00132722 to 0.00132722
Heightened Def Con from 0.00133721 to 0.00133722
Heightened Def Con from 0.00133722 to 0.00133723
Heightened Def Con from 0.00134721 to 0.00134722
Heightened Def Con from 0.00135721 to 0.00135722
Heightened Def Con from 0.00136721 to 0.00136723
Heightened Def Con from 0.00137721 to 0.00137722
Heightened Def Con from 0.00138721 to 0.00138723
Heightened Def Con from 0.00139721 to 0.00139722
Heightened Def Con from 0.00140721 to 0.00140723
Heightened Def Con from 0.00141721 to 0.00141722
Heightened Def Con from 0.00141722 to 0.00141723
Heightened Def Con from 0.00142721 to 0.00142723
Heightened Def Con from 0.00143721 to 0.00143723
Heightened Def Con from 0.00144721 to 0.00144723
Heightened Def Con from 0.00145721 to 0.00145723
Heightened Def Con from 0.00146721 to 0.00146722
Heightened Def Con from 0.00147721 to 0.00147722
Heightened Def Con from 0.00148721 to 0.00148723
Heightened Def Con from 0.00149721 to 0.00149723
Heightened Def Con from 0.00150721 to 0.00150723
Heightened Def Con from 0.00151721 to 0.00151723
Heightened Def Con from 0.00152721 to 0.00152723
Heightened Def Con from 0.00153721 to 0.00153722
Heightened Def Con from 0.00154721 to 0.00154722
Heightened Def Con from 0.00154722 to 0.00154723
Heightened Def Con from 0.00155721 to 0.00155722
Heightened Def Con from 0.0015672 to 0.00156722
Heightened Def Con from 0.00157721 to 0.00157722
Heightened Def Con from 0.00158721 to 0.00158723
Heightened Def Con from 0.00159721 to 0.00159722
Heightened Def Con from 0.00160721 to 0.00160723
Heightened Def Con from 0.00161721 to 0.00161721
Heightened Def Con from 0.00161721 to 0.00161723
Heightened Def Con from 0.00162721 to 0.00162723
Heightened Def Con from 0.00163721 to 0.00163722
Heightened Def Con from 0.00164721 to 0.00164723
Heightened Def Con from 0.00165721 to 0.00165722
Heightened Def Con from 0.00166721 to 0.00166723
Heightened Def Con from 0.00167721 to 0.00167722
Heightened Def Con from 0.00168721 to 0.00168723
Heightened Def Con from 0.00169721 to 0.00169723
Heightened Def Con from 0.00170721 to 0.00170722
Heightened Def Con from 0.00171721 to 0.00171723
Heightened Def Con from 0.00172721 to 0.00172722
Heightened Def Con from 0.00173721 to 0.00173722
Heightened Def Con from 0.00174721 to 0.00174723
Heightened Def Con from 0.00175721 to 0.00175723
Heightened Def Con from 0.00176721 to 0.00176722
Heightened Def Con from 0.00177721 to 0.00177722
Heightened Def Con from 0.00178721 to 0.00178723
Heightened Def Con from 0.00179721 to 0.00179722
Heightened Def Con from 0.00179722 to 0.00179723
Heightened Def Con from 0.00180721 to 0.00180722
Heightened Def Con from 0.00181721 to 0.00181722
Heightened Def Con from 0.00182721 to 0.00182722
Heightened Def Con from 0.00183721 to 0.00183723
Heightened Def Con from 0.00184721 to 0.00184723
Heightened Def Con from 0.00185721 to 0.00185723
Heightened Def Con from 0.00186721 to 0.00186722
Heightened Def Con from 0.00187721 to 0.00187722
Heightened Def Con from 0.0018872 to 0.00188722
Heightened Def Con from 0.00189721 to 0.00189723
Heightened Def Con from 0.00190721 to 0.00190723
Heightened Def Con from 0.00191721 to 0.00191722
Heightened Def Con from 0.00192721 to 0.00192722
Heightened Def Con from 0.00193721 to 0.00193723
Heightened Def Con from 0.00194721 to 0.00194723
Heightened Def Con from 0.0019572 to 0.00195722
Heightened Def Con from 0.00196721 to 0.00196722
Heightened Def Con from 0.00197721 to 0.00197723
Heightened Def Con from 0.00198721 to 0.00198722
Heightened Def Con from 0.00199721 to 0.00199722
Heightened Def Con from 0.00200721 to 0.00200723
Heightened Def Con from 0.00201721 to 0.00201723
Heightened Def Con from 0.00202721 to 0.00202723
Heightened Def Con from 0.00203721 to 0.00203723
Heightened Def Con from 0.00204721 to 0.00204723
Heightened Def Con from 0.00205721 to 0.00205723
Heightened Def Con from 0.00206721 to 0.00206722
Heightened Def Con from 0.00207721 to 0.00207722
Heightened Def Con from 0.00208721 to 0.00208723
Heightened Def Con from 0.00209721 to 0.00209722
Heightened Def Con from 0.00210721 to 0.00210722
Heightened Def Con from 0.00211721 to 0.00211722
Heightened Def Con from 0.00211722 to 0.00211723
Heightened Def Con from 0.00212721 to 0.00212723
Heightened Def Con from 0.00213721 to 0.00213723
Heightened Def Con from 0.00214721 to 0.00214722
Heightened Def Con from 0.00215721 to 0.00215723
Heightened Def Con from 0.00216721 to 0.00216722
Heightened Def Con from 0.00216722 to 0.00216723
Heightened Def Con from 0.00217721 to 0.00217723
Heightened Def Con from 0.00218721 to 0.00218723
Heightened Def Con from 0.00219721 to 0.00219722
Heightened Def Con from 0.00220721 to 0.00220722
Heightened Def Con from 0.00221721 to 0.00221722
Heightened Def Con from 0.00221722 to 0.00221723
Heightened Def Con from 0.00222721 to 0.00222723
Heightened Def Con from 0.00223721 to 0.00223723
Heightened Def Con from 0.00224721 to 0.00224723
Heightened Def Con from 0.00225721 to 0.00225723
Heightened Def Con from 0.00226721 to 0.00226722
Heightened Def Con from 0.00226722 to 0.00226723
Heightened Def Con from 0.00227721 to 0.00227723
Heightened Def Con from 0.00228721 to 0.00228722
Heightened Def Con from 0.00229721 to 0.00229723
Heightened Def Con from 0.00230721 to 0.00230723
Heightened Def Con from 0.00231721 to 0.00231722
Heightened Def Con from 0.00232721 to 0.00232722
Heightened Def Con from 0.00233721 to 0.00233723
Heightened Def Con from 0.00234721 to 0.00234723
Heightened Def Con from 0.00235721 to 0.00235723
Heightened Def Con from 0.00236721 to 0.00236723
Heightened Def Con from 0.00237721 to 0.00237722
Heightened Def Con from 0.00237722 to 0.00237723
Heightened Def Con from 0.00238721 to 0.00238722
Heightened Def Con from 0.00238722 to 0.00238723
Heightened Def Con from 0.00239721 to 0.00239722
Heightened Def Con from 0.00240721 to 0.00240723
Heightened Def Con from 0.00241721 to 0.00241723
Heightened Def Con from 0.00242721 to 0.00242722
Heightened Def Con from 0.00242722 to 0.00242723
Heightened Def Con from 0.00243721 to 0.00243722
Heightened Def Con from 0.00244721 to 0.00244722
Heightened Def Con from 0.00245721 to 0.00245722
Heightened Def Con from 0.00246721 to 0.00246722
Heightened Def Con from 0.00246722 to 0.00246723
Heightened Def Con from 0.00247721 to 0.00247723
Heightened Def Con from 0.00248721 to 0.00248723
Heightened Def Con from 0.00249721 to 0.00249722
Heightened Def Con from 0.00250721 to 0.00250723
Heightened Def Con from 0.00251721 to 0.00251722
Heightened Def Con from 0.00252721 to 0.00252723
Heightened Def Con from 0.00253721 to 0.00253722
Heightened Def Con from 0.00254721 to 0.00254722
Heightened Def Con from 0.00255721 to 0.00255722
Heightened Def Con from 0.00256721 to 0.00256722
Heightened Def Con from 0.00257721 to 0.00257722
Heightened Def Con from 0.00258721 to 0.00258723
Heightened Def Con from 0.00259721 to 0.00259723
Heightened Def Con from 0.00260721 to 0.00260723
Heightened Def Con from 0.00261721 to 0.00261723
Heightened Def Con from 0.00262721 to 0.00262723
Heightened Def Con from 0.00263721 to 0.00263723
Heightened Def Con from 0.00264721 to 0.00264723
Heightened Def Con from 0.00265721 to 0.00265723
Heightened Def Con from 0.00266721 to 0.00266722
Heightened Def Con from 0.00266722 to 0.00266723
Heightened Def Con from 0.00267721 to 0.00267722
Heightened Def Con from 0.00268721 to 0.00268723
Heightened Def Con from 0.00269721 to 0.00269722
Heightened Def Con from 0.00270721 to 0.00270723
Heightened Def Con from 0.00271721 to 0.00271723
Heightened Def Con from 0.00272721 to 0.00272723
Heightened Def Con from 0.00273721 to 0.00273722
Heightened Def Con from 0.00274721 to 0.00274723
Heightened Def Con from 0.00275721 to 0.00275723
Heightened Def Con from 0.00276721 to 0.00276723
Heightened Def Con from 0.00277721 to 0.00277723
Heightened Def Con from 0.00278721 to 0.00278723
Heightened Def Con from 0.00279721 to 0.00279722
Heightened Def Con from 0.00280721 to 0.00280722
Heightened Def Con from 0.00281721 to 0.00281723
Heightened Def Con from 0.00282721 to 0.00282722
Heightened Def Con from 0.00283721 to 0.00283723
Heightened Def Con from 0.00284721 to 0.00284722
Heightened Def Con from 0.00284722 to 0.00284723
Heightened Def Con from 0.00285721 to 0.00285723
Heightened Def Con from 0.00286721 to 0.00286722
Heightened Def Con from 0.00287721 to 0.00287723
Heightened Def Con from 0.00288721 to 0.00288723
Heightened Def Con from 0.00289721 to 0.00289722
Heightened Def Con from 0.00290721 to 0.00290723
Heightened Def Con from 0.00291721 to 0.00291723
Heightened Def Con from 0.00292721 to 0.00292723
Heightened Def Con from 0.00293721 to 0.00293722
Heightened Def Con from 0.00294721 to 0.00294722
Heightened Def Con from 0.00295721 to 0.00295722
Heightened Def Con from 0.00296721 to 0.00296722
Heightened Def Con from 0.00297721 to 0.00297722
Heightened Def Con from 0.00298721 to 0.00298722
Heightened Def Con from 0.00299721 to 0.00299722
Heightened Def Con from 0.00300721 to 0.00300722
Heightened Def Con from 0.00301721 to 0.00301723
Heightened Def Con from 0.0030272 to 0.00302722
Heightened Def Con from 0.00303721 to 0.00303722
Heightened Def Con from 0.00304721 to 0.00304723
Heightened Def Con from 0.00305721 to 0.00305722
Heightened Def Con from 0.00306721 to 0.00306722
Heightened Def Con from 0.00307721 to 0.00307723
Heightened Def Con from 0.0030872 to 0.00308722
Heightened Def Con from 0.00309721 to 0.00309722
Heightened Def Con from 0.00310721 to 0.00310722
Heightened Def Con from 0.00310722 to 0.00310723
Heightened Def Con from 0.00311721 to 0.00311723
Heightened Def Con from 0.00312721 to 0.00312723
Heightened Def Con from 0.00313721 to 0.00313723
Heightened Def Con from 0.00314721 to 0.00314723
Heightened Def Con from 0.00315721 to 0.00315723
Heightened Def Con from 0.00316721 to 0.00316723
Heightened Def Con from 0.00317721 to 0.00317722
Heightened Def Con from 0.00317722 to 0.00317723
Heightened Def Con from 0.00318721 to 0.00318723
Heightened Def Con from 0.00319721 to 0.00319721
Heightened Def Con from 0.00319721 to 0.00319723
Heightened Def Con from 0.0032072 to 0.00320722
Heightened Def Con from 0.00321721 to 0.00321722
Heightened Def Con from 0.00322721 to 0.00322723
Heightened Def Con from 0.00323721 to 0.00323723
Heightened Def Con from 0.00324721 to 0.00324722
Heightened Def Con from 0.00325721 to 0.00325723
Heightened Def Con from 0.00326721 to 0.00326722
Heightened Def Con from 0.00327721 to 0.00327723
Heightened Def Con from 0.00328721 to 0.00328722
Heightened Def Con from 0.00329721 to 0.00329723
Heightened Def Con from 0.00330721 to 0.00330723
Heightened Def Con from 0.00331721 to 0.00331723
Heightened Def Con from 0.00332721 to 0.00332723
Heightened Def Con from 0.00333721 to 0.00333723
Heightened Def Con from 0.00334721 to 0.00334722
Heightened Def Con from 0.00335721 to 0.00335722
Heightened Def Con from 0.00336721 to 0.00336722
Heightened Def Con from 0.00337721 to 0.00337723
Heightened Def Con from 0.00338721 to 0.00338723
Heightened Def Con from 0.00339721 to 0.00339723
Heightened Def Con from 0.00340721 to 0.00340723
Heightened Def Con from 0.00341721 to 0.00341722
Heightened Def Con from 0.00342721 to 0.00342723
Heightened Def Con from 0.00343721 to 0.00343723
Heightened Def Con from 0.00344721 to 0.00344723
Heightened Def Con from 0.00345721 to 0.00345723
Heightened Def Con from 0.00346721 to 0.00346723
Heightened Def Con from 0.00347721 to 0.00347723
Heightened Def Con from 0.00348721 to 0.00348722
Heightened Def Con from 0.00349721 to 0.00349723
Heightened Def Con from 0.00349723 to 0.00349723
Heightened Def Con from 0.00350721 to 0.00350722
Heightened Def Con from 0.00351721 to 0.00351723
Heightened Def Con from 0.00352721 to 0.00352722
Heightened Def Con from 0.00353721 to 0.00353722
Heightened Def Con from 0.00353722 to 0.00353723
Heightened Def Con from 0.00354721 to 0.00354722
Heightened Def Con from 0.00355721 to 0.00355722
Heightened Def Con from 0.00356721 to 0.00356723
Heightened Def Con from 0.00357721 to 0.00357723
Heightened Def Con from 0.00358721 to 0.00358722
Heightened Def Con from 0.00358722 to 0.00358723
Heightened Def Con from 0.00359721 to 0.00359723
Heightened Def Con from 0.00360721 to 0.00360723
Heightened Def Con from 0.00361721 to 0.00361722
Heightened Def Con from 0.00362721 to 0.00362723
Heightened Def Con from 0.00362723 to 0.00362723
Heightened Def Con from 0.00363721 to 0.00363723
Heightened Def Con from 0.00364721 to 0.00364723
Heightened Def Con from 0.00365721 to 0.00365723
Heightened Def Con from 0.00366721 to 0.00366722
Heightened Def Con from 0.0036772 to 0.00367722
Heightened Def Con from 0.00368721 to 0.00368722
Heightened Def Con from 0.00369721 to 0.00369723
Heightened Def Con from 0.00370721 to 0.00370723
Heightened Def Con from 0.00371721 to 0.00371722
Heightened Def Con from 0.00372721 to 0.00372723
Heightened Def Con from 0.00373721 to 0.00373722
Heightened Def Con from 0.00374721 to 0.00374722
Heightened Def Con from 0.00375721 to 0.00375722
Heightened Def Con from 0.00376721 to 0.00376722
Heightened Def Con from 0.00376722 to 0.00376723
Heightened Def Con from 0.00377721 to 0.00377722
Heightened Def Con from 0.00378721 to 0.00378722
Heightened Def Con from 0.00379721 to 0.00379723
Heightened Def Con from 0.00380721 to 0.00380723
Heightened Def Con from 0.00381721 to 0.00381722
Heightened Def Con from 0.00382721 to 0.00382722
Heightened Def Con from 0.00383721 to 0.00383722
Heightened Def Con from 0.00384721 to 0.00384722
Heightened Def Con from 0.00385721 to 0.00385722
Heightened Def Con from 0.00386721 to 0.00386723
Heightened Def Con from 0.00387721 to 0.00387723
Heightened Def Con from 0.00388721 to 0.00388722
Heightened Def Con from 0.00389721 to 0.00389723
Heightened Def Con from 0.00390721 to 0.00390723
Heightened Def Con from 0.00391721 to 0.00391722
Heightened Def Con from 0.00392721 to 0.00392723
Heightened Def Con from 0.00393721 to 0.00393723
Heightened Def Con from 0.00394721 to 0.00394722
Heightened Def Con from 0.00395721 to 0.00395722
Heightened Def Con from 0.00396721 to 0.00396722
Heightened Def Con from 0.00396722 to 0.00396723
Heightened Def Con from 0.00397721 to 0.00397723
Heightened Def Con from 0.00398721 to 0.00398723
Heightened Def Con from 0.00399721 to 0.00399722
Heightened Def Con from 0.00400721 to 0.00400723
Heightened Def Con from 0.00401721 to 0.00401722
Heightened Def Con from 0.00402721 to 0.00402723
Heightened Def Con from 0.00403721 to 0.00403722
Heightened Def Con from 0.00403722 to 0.00403723
Heightened Def Con from 0.00405721 to 0.00405723
Heightened Def Con from 0.00406721 to 0.00406723
Heightened Def Con from 0.00407721 to 0.00407723
Heightened Def Con from 0.00408721 to 0.00408723
Heightened Def Con from 0.00409721 to 0.00409722
Heightened Def Con from 0.00410721 to 0.00410723
Heightened Def Con from 0.00411721 to 0.00411722
Heightened Def Con from 0.0041272 to 0.00412722
Heightened Def Con from 0.00413721 to 0.00413723
Heightened Def Con from 0.00414721 to 0.00414722
Heightened Def Con from 0.00415721 to 0.00415723
Heightened Def Con from 0.00416721 to 0.00416722
Heightened Def Con from 0.00416722 to 0.00416723
Heightened Def Con from 0.00417721 to 0.00417722
Heightened Def Con from 0.00418721 to 0.00418722
Heightened Def Con from 0.00418722 to 0.00418723
Heightened Def Con from 0.00419721 to 0.00419723
Heightened Def Con from 0.00420721 to 0.00420722
Heightened Def Con from 0.00421721 to 0.00421723
Heightened Def Con from 0.00422721 to 0.00422722
Heightened Def Con from 0.00423721 to 0.00423722
Heightened Def Con from 0.00424721 to 0.00424723
Heightened Def Con from 0.00425721 to 0.00425723
Heightened Def Con from 0.00426721 to 0.00426722
Heightened Def Con from 0.00427721 to 0.00427723
Heightened Def Con from 0.00428721 to 0.00428723
Heightened Def Con from 0.00429721 to 0.00429723
Heightened Def Con from 0.00430721 to 0.00430723
Heightened Def Con from 0.00431721 to 0.00431723
Heightened Def Con from 0.00432721 to 0.00432722
Heightened Def Con from 0.00433721 to 0.00433723
Heightened Def Con from 0.00434721 to 0.00434722
Heightened Def Con from 0.00435721 to 0.00435723
Heightened Def Con from 0.00436721 to 0.00436723
Heightened Def Con from 0.00437721 to 0.00437722
Heightened Def Con from 0.00439721 to 0.00439722
Heightened Def Con from 0.00440721 to 0.00440722
Heightened Def Con from 0.00441721 to 0.00441722
Heightened Def Con from 0.00442721 to 0.00442722
Heightened Def Con from 0.00443721 to 0.00443723
Heightened Def Con from 0.00444721 to 0.00444723
Heightened Def Con from 0.00445721 to 0.00445722
Heightened Def Con from 0.00446721 to 0.00446722
Heightened Def Con from 0.00447721 to 0.00447723
Heightened Def Con from 0.00448721 to 0.00448723
Heightened Def Con from 0.00449721 to 0.00449722
Heightened Def Con from 0.00449722 to 0.00449723
Heightened Def Con from 0.00450721 to 0.00450723
Heightened Def Con from 0.00451721 to 0.00451723
Heightened Def Con from 0.00452721 to 0.00452722
Heightened Def Con from 0.00453721 to 0.00453722
Heightened Def Con from 0.00454721 to 0.00454722
Heightened Def Con from 0.00455721 to 0.00455723
Heightened Def Con from 0.00456721 to 0.00456723
Heightened Def Con from 0.00457721 to 0.00457723
Heightened Def Con from 0.00458721 to 0.00458722
Heightened Def Con from 0.00459721 to 0.00459723
Heightened Def Con from 0.00460721 to 0.00460722
Heightened Def Con from 0.00461721 to 0.00461723
Heightened Def Con from 0.00462721 to 0.00462723
Heightened Def Con from 0.00463721 to 0.00463723
Heightened Def Con from 0.00464721 to 0.00464722
Heightened Def Con from 0.00464722 to 0.00464723
Heightened Def Con from 0.00465721 to 0.00465722
Heightened Def Con from 0.00466721 to 0.00466722
Heightened Def Con from 0.00466722 to 0.00466723
Heightened Def Con from 0.00467721 to 0.00467722
Heightened Def Con from 0.00468721 to 0.00468722
Heightened Def Con from 0.00468722 to 0.00468723
Heightened Def Con from 0.00469721 to 0.00469722
Heightened Def Con from 0.00469722 to 0.00469723
Heightened Def Con from 0.00470721 to 0.00470722
Heightened Def Con from 0.00470722 to 0.00470723
Heightened Def Con from 0.00471721 to 0.00471723
Heightened Def Con from 0.00472721 to 0.00472722
Heightened Def Con from 0.00473721 to 0.00473722
Heightened Def Con from 0.00474721 to 0.00474722
Heightened Def Con from 0.00475721 to 0.00475723
Heightened Def Con from 0.00476721 to 0.00476722
Heightened Def Con from 0.00477721 to 0.00477723
Heightened Def Con from 0.00478721 to 0.00478722
Heightened Def Con from 0.00479721 to 0.00479722
Heightened Def Con from 0.00480721 to 0.00480723
Heightened Def Con from 0.00481721 to 0.00481722
Heightened Def Con from 0.00481722 to 0.00481723
Heightened Def Con from 0.00482721 to 0.00482723
Heightened Def Con from 0.00483721 to 0.00483722
Heightened Def Con from 0.00484721 to 0.00484723
Heightened Def Con from 0.00485721 to 0.00485722
Heightened Def Con from 0.00486721 to 0.00486722
Heightened Def Con from 0.00487721 to 0.00487722
Heightened Def Con from 0.00488721 to 0.00488723
Heightened Def Con from 0.0048972 to 0.00489722
Heightened Def Con from 0.00490721 to 0.00490722
Heightened Def Con from 0.00490722 to 0.00490723
Heightened Def Con from 0.00491721 to 0.00491723
Heightened Def Con from 0.00492721 to 0.00492722
Heightened Def Con from 0.00492722 to 0.00492723
Heightened Def Con from 0.00493721 to 0.00493723
Heightened Def Con from 0.00494721 to 0.00494722
Heightened Def Con from 0.00494722 to 0.00494723
Heightened Def Con from 0.00495721 to 0.00495722
Heightened Def Con from 0.00496721 to 0.00496723
Heightened Def Con from 0.00497721 to 0.00497723
Heightened Def Con from 0.00498721 to 0.00498723
Heightened Def Con from 0.00499721 to 0.00499723
Heightened Def Con from 0.00500721 to 0.00500722
Heightened Def Con from 0.00501721 to 0.00501722
Heightened Def Con from 0.00502721 to 0.00502723
Heightened Def Con from 0.00503721 to 0.00503723
Heightened Def Con from 0.00504721 to 0.00504722
Heightened Def Con from 0.00504722 to 0.00504723
Heightened Def Con from 0.00505721 to 0.00505722
Heightened Def Con from 0.00506721 to 0.00506723
Heightened Def Con from 0.00507721 to 0.00507723
Heightened Def Con from 0.00508721 to 0.00508723
Heightened Def Con from 0.00509721 to 0.00509723
Heightened Def Con from 0.00510721 to 0.00510722
Heightened Def Con from 0.00511721 to 0.00511723
Heightened Def Con from 0.00512721 to 0.00512723
Heightened Def Con from 0.00513721 to 0.00513722
Heightened Def Con from 0.00514721 to 0.00514722
Heightened Def Con from 0.00514722 to 0.00514723
Heightened Def Con from 0.00515721 to 0.00515722
Heightened Def Con from 0.00516721 to 0.00516723
Heightened Def Con from 0.0051772 to 0.00517722
Heightened Def Con from 0.00518721 to 0.00518722
Heightened Def Con from 0.00519721 to 0.00519723
Heightened Def Con from 0.00520721 to 0.00520722
Heightened Def Con from 0.00520722 to 0.00520723
Heightened Def Con from 0.00521721 to 0.00521723
Heightened Def Con from 0.00522721 to 0.00522722
Heightened Def Con from 0.00523721 to 0.00523722
Heightened Def Con from 0.00524721 to 0.00524722
Heightened Def Con from 0.0052572 to 0.00525722
Heightened Def Con from 0.00526721 to 0.00526723
Heightened Def Con from 0.00527721 to 0.00527722
Heightened Def Con from 0.00528721 to 0.00528723
Heightened Def Con from 0.00529721 to 0.00529723
Heightened Def Con from 0.00530721 to 0.00530723
Heightened Def Con from 0.00531721 to 0.00531723
Heightened Def Con from 0.00532721 to 0.00532723
Heightened Def Con from 0.00533721 to 0.00533722
Heightened Def Con from 0.00534721 to 0.00534723
Heightened Def Con from 0.00535721 to 0.00535723
Heightened Def Con from 0.00536721 to 0.00536723
Heightened Def Con from 0.00537721 to 0.00537723
Heightened Def Con from 0.00538721 to 0.00538722
Heightened Def Con from 0.00539721 to 0.00539722
Heightened Def Con from 0.00540721 to 0.00540722
Heightened Def Con from 0.00541721 to 0.00541723
Heightened Def Con from 0.00542721 to 0.00542722
Heightened Def Con from 0.00543721 to 0.00543723
Heightened Def Con from 0.00544721 to 0.00544723
Heightened Def Con from 0.00545721 to 0.00545722
Heightened Def Con from 0.00546721 to 0.00546723
Heightened Def Con from 0.00547721 to 0.00547722
Heightened Def Con from 0.00548721 to 0.00548722
Heightened Def Con from 0.00549721 to 0.00549723
Heightened Def Con from 0.00550721 to 0.00550722
Heightened Def Con from 0.00551721 to 0.00551722
Heightened Def Con from 0.00552721 to 0.00552722
Heightened Def Con from 0.00553721 to 0.00553723
Heightened Def Con from 0.00554721 to 0.00554723
Heightened Def Con from 0.00555721 to 0.00555723
Heightened Def Con from 0.00556721 to 0.00556723
Heightened Def Con from 0.00557721 to 0.00557723
Heightened Def Con from 0.00558721 to 0.00558722
Heightened Def Con from 0.00559721 to 0.00559723
Heightened Def Con from 0.00560721 to 0.00560723
Heightened Def Con from 0.00561721 to 0.00561723
Heightened Def Con from 0.00562721 to 0.00562723
Heightened Def Con from 0.00563721 to 0.00563722
Heightened Def Con from 0.00564721 to 0.00564722
Heightened Def Con from 0.00565721 to 0.00565723
Heightened Def Con from 0.00566721 to 0.00566723
Heightened Def Con from 0.00567721 to 0.00567722
Heightened Def Con from 0.00568721 to 0.00568722
Heightened Def Con from 0.00569721 to 0.00569723
Heightened Def Con from 0.00570721 to 0.00570722
Heightened Def Con from 0.00571721 to 0.00571722
Heightened Def Con from 0.00571722 to 0.00571723
Heightened Def Con from 0.00572721 to 0.00572723
Heightened Def Con from 0.00573721 to 0.00573722
Heightened Def Con from 0.00574721 to 0.00574723
Heightened Def Con from 0.00575721 to 0.00575723
Heightened Def Con from 0.00576721 to 0.00576723
Heightened Def Con from 0.00577721 to 0.00577723
Heightened Def Con from 0.00578721 to 0.00578723
Heightened Def Con from 0.00579721 to 0.00579723
Heightened Def Con from 0.00580721 to 0.00580722
Heightened Def Con from 0.00581721 to 0.00581723
Heightened Def Con from 0.00582721 to 0.00582722
Heightened Def Con from 0.00583721 to 0.00583722
Heightened Def Con from 0.00584721 to 0.00584722
Heightened Def Con from 0.00584722 to 0.00584723
Heightened Def Con from 0.00585721 to 0.00585723
Heightened Def Con from 0.00586721 to 0.00586723
Heightened Def Con from 0.00587721 to 0.00587723
Heightened Def Con from 0.00588721 to 0.00588722
Heightened Def Con from 0.00589721 to 0.00589723
Heightened Def Con from 0.00590721 to 0.00590723
Heightened Def Con from 0.00591721 to 0.00591723
Heightened Def Con from 0.00592721 to 0.00592723
Heightened Def Con from 0.00593721 to 0.00593723
Heightened Def Con from 0.00594721 to 0.00594722
Heightened Def Con from 0.00594722 to 0.00594723
Heightened Def Con from 0.00595721 to 0.00595722
Heightened Def Con from 0.00596721 to 0.00596722
Heightened Def Con from 0.00596722 to 0.00596723
Heightened Def Con from 0.00597721 to 0.00597723
Heightened Def Con from 0.00598721 to 0.00598723
Heightened Def Con from 0.00599721 to 0.00599723
Heightened Def Con from 0.00600721 to 0.00600723
Heightened Def Con from 0.0060172 to 0.00601722
Heightened Def Con from 0.00601722 to 0.00601722
Heightened Def Con from 0.00602721 to 0.00602722
Heightened Def Con from 0.00603721 to 0.00603722
Heightened Def Con from 0.00604721 to 0.00604723
Heightened Def Con from 0.00605721 to 0.00605723
Heightened Def Con from 0.00606721 to 0.00606722
Heightened Def Con from 0.00607721 to 0.00607723
Heightened Def Con from 0.00608721 to 0.00608722
Heightened Def Con from 0.00609721 to 0.00609723
Heightened Def Con from 0.00610721 to 0.00610723
Heightened Def Con from 0.00611721 to 0.00611723
Heightened Def Con from 0.00612721 to 0.00612722
Heightened Def Con from 0.00613721 to 0.00613722
Heightened Def Con from 0.00614721 to 0.00614722
Heightened Def Con from 0.0061572 to 0.00615722
Heightened Def Con from 0.00616721 to 0.00616723
Heightened Def Con from 0.00617721 to 0.00617723
Heightened Def Con from 0.00618721 to 0.00618722
Heightened Def Con from 0.00619721 to 0.00619723
Heightened Def Con from 0.00620721 to 0.00620722
Heightened Def Con from 0.00621721 to 0.00621722
Heightened Def Con from 0.00622721 to 0.00622722
Heightened Def Con from 0.00623721 to 0.00623723
Heightened Def Con from 0.00624721 to 0.00624722
Heightened Def Con from 0.00625721 to 0.00625722
Heightened Def Con from 0.00626721 to 0.00626723
Heightened Def Con from 0.00627721 to 0.00627722
Heightened Def Con from 0.00628721 to 0.00628723
Heightened Def Con from 0.00629721 to 0.00629723
Heightened Def Con from 0.00630721 to 0.00630723
Heightened Def Con from 0.00631721 to 0.00631723
Heightened Def Con from 0.00632721 to 0.00632723
Heightened Def Con from 0.00633721 to 0.00633722
Heightened Def Con from 0.00634721 to 0.00634723
Heightened Def Con from 0.00635721 to 0.00635722
Heightened Def Con from 0.00636721 to 0.00636722
Heightened Def Con from 0.00637721 to 0.00637723
Heightened Def Con from 0.00638721 to 0.00638723
Heightened Def Con from 0.00639721 to 0.00639723
Heightened Def Con from 0.00640721 to 0.00640723
Heightened Def Con from 0.0064172 to 0.00641722
Heightened Def Con from 0.00642721 to 0.00642722
Heightened Def Con from 0.00643721 to 0.00643723
Heightened Def Con from 0.00644721 to 0.00644723
Heightened Def Con from 0.00645721 to 0.00645723
Heightened Def Con from 0.00646721 to 0.00646722
Heightened Def Con from 0.00647721 to 0.00647722
Heightened Def Con from 0.00647722 to 0.00647723
Heightened Def Con from 0.00648721 to 0.00648722
Heightened Def Con from 0.00649721 to 0.00649722
Heightened Def Con from 0.00650721 to 0.00650722
Heightened Def Con from 0.00651721 to 0.00651722
Heightened Def Con from 0.00652721 to 0.00652723
Heightened Def Con from 0.00653721 to 0.00653722
Heightened Def Con from 0.00654721 to 0.00654722
Heightened Def Con from 0.00654722 to 0.00654723
Heightened Def Con from 0.00655721 to 0.00655722
Heightened Def Con from 0.00656721 to 0.00656723
Heightened Def Con from 0.00657721 to 0.00657722
Heightened Def Con from 0.00658721 to 0.00658723
Heightened Def Con from 0.0065972 to 0.00659722
Heightened Def Con from 0.0066072 to 0.00660722
Heightened Def Con from 0.00660722 to 0.00660722
Heightened Def Con from 0.00661721 to 0.00661722
Heightened Def Con from 0.00661722 to 0.00661723
Heightened Def Con from 0.00662721 to 0.00662723
Heightened Def Con from 0.00663721 to 0.00663723
Heightened Def Con from 0.00664721 to 0.00664723
Heightened Def Con from 0.00665721 to 0.00665722
Heightened Def Con from 0.00666721 to 0.00666723
Heightened Def Con from 0.00667721 to 0.00667723
Heightened Def Con from 0.00668721 to 0.00668723
Heightened Def Con from 0.00669721 to 0.00669723
Heightened Def Con from 0.00670721 to 0.00670723
Heightened Def Con from 0.00671721 to 0.00671723
Heightened Def Con from 0.00672721 to 0.00672723
Heightened Def Con from 0.00673721 to 0.00673723
Heightened Def Con from 0.00674721 to 0.00674722
Heightened Def Con from 0.0067572 to 0.00675722
Heightened Def Con from 0.0067672 to 0.00676722
Heightened Def Con from 0.00677721 to 0.00677723
Heightened Def Con from 0.00678721 to 0.00678723
Heightened Def Con from 0.00679721 to 0.00679723
Heightened Def Con from 0.00680721 to 0.00680723
Heightened Def Con from 0.00681721 to 0.00681723
Heightened Def Con from 0.00682721 to 0.00682723
Heightened Def Con from 0.00683721 to 0.00683723
Heightened Def Con from 0.00684721 to 0.00684722
Heightened Def Con from 0.00685721 to 0.00685722
Heightened Def Con from 0.00686721 to 0.00686722
Heightened Def Con from 0.00687721 to 0.00687723
Heightened Def Con from 0.00688721 to 0.00688723
Heightened Def Con from 0.00689721 to 0.00689723
Heightened Def Con from 0.00690721 to 0.00690723
Heightened Def Con from 0.00691721 to 0.00691722
Heightened Def Con from 0.00692721 to 0.00692723
Heightened Def Con from 0.00693721 to 0.00693723
Heightened Def Con from 0.00694721 to 0.00694722
Heightened Def Con from 0.00696721 to 0.00696723
Heightened Def Con from 0.00697721 to 0.00697723
Heightened Def Con from 0.00698721 to 0.00698723
Heightened Def Con from 0.00699721 to 0.00699722
Heightened Def Con from 0.00700721 to 0.00700722
Heightened Def Con from 0.00700722 to 0.00700723
Heightened Def Con from 0.00701721 to 0.00701723
Heightened Def Con from 0.00702721 to 0.00702722
Heightened Def Con from 0.00703721 to 0.00703723
Heightened Def Con from 0.00704721 to 0.00704723
Heightened Def Con from 0.00705721 to 0.00705723
Heightened Def Con from 0.00706721 to 0.00706722
Heightened Def Con from 0.00707721 to 0.00707723
Heightened Def Con from 0.00708721 to 0.00708723
Heightened Def Con from 0.00709721 to 0.00709723
Heightened Def Con from 0.00710721 to 0.00710723
Heightened Def Con from 0.00711721 to 0.00711723
Heightened Def Con from 0.00712721 to 0.00712722
Heightened Def Con from 0.00713721 to 0.00713723
Heightened Def Con from 0.00714721 to 0.00714723
Heightened Def Con from 0.00715721 to 0.00715723
Heightened Def Con from 0.00716721 to 0.00716722
Heightened Def Con from 0.00717721 to 0.00717722
Heightened Def Con from 0.00718721 to 0.00718722
Heightened Def Con from 0.00718722 to 0.00718723
Heightened Def Con from 0.00719721 to 0.00719722
Heightened Def Con from 0.00720721 to 0.00720722
Heightened Def Con from 0.00721721 to 0.00721723
Heightened Def Con from 0.00722721 to 0.00722723
Heightened Def Con from 0.00722723 to 0.00722723
Heightened Def Con from 0.00723721 to 0.00723722
Heightened Def Con from 0.00724721 to 0.00724723
Heightened Def Con from 0.00725721 to 0.00725722
Heightened Def Con from 0.00726721 to 0.00726723
Heightened Def Con from 0.00727721 to 0.00727723
Heightened Def Con from 0.00728721 to 0.00728722
Heightened Def Con from 0.00729721 to 0.00729723
Heightened Def Con from 0.00730721 to 0.00730722
Heightened Def Con from 0.00731721 to 0.00731722
Heightened Def Con from 0.00732721 to 0.00732722
Heightened Def Con from 0.00733721 to 0.00733723
Heightened Def Con from 0.00734721 to 0.00734722
Heightened Def Con from 0.00735721 to 0.00735722
Heightened Def Con from 0.00736721 to 0.00736722
Heightened Def Con from 0.00737721 to 0.00737723
Heightened Def Con from 0.00738721 to 0.00738722
Heightened Def Con from 0.00739721 to 0.00739723
Heightened Def Con from 0.00740721 to 0.00740722
Heightened Def Con from 0.00740722 to 0.00740723
Heightened Def Con from 0.00741721 to 0.00741723
Heightened Def Con from 0.00742721 to 0.00742723
Heightened Def Con from 0.00743721 to 0.00743722
Heightened Def Con from 0.00744721 to 0.00744722
Heightened Def Con from 0.00744722 to 0.00744723
Heightened Def Con from 0.00745721 to 0.00745722
Heightened Def Con from 0.00746721 to 0.00746723
Heightened Def Con from 0.00747721 to 0.00747723
Heightened Def Con from 0.00748721 to 0.00748723
Heightened Def Con from 0.00749721 to 0.00749723
Heightened Def Con from 0.00750721 to 0.00750722
Heightened Def Con from 0.00751721 to 0.00751722
Heightened Def Con from 0.00752721 to 0.00752723
Heightened Def Con from 0.00753721 to 0.00753722
Heightened Def Con from 0.00753722 to 0.00753723
Heightened Def Con from 0.00754721 to 0.00754722
Heightened Def Con from 0.00755721 to 0.00755722
Heightened Def Con from 0.00756721 to 0.00756722
Heightened Def Con from 0.00757721 to 0.00757723
Heightened Def Con from 0.00758721 to 0.00758723
Heightened Def Con from 0.00759721 to 0.00759722
Heightened Def Con from 0.00760721 to 0.00760722
Heightened Def Con from 0.00761721 to 0.00761722
Heightened Def Con from 0.00762721 to 0.00762722
Heightened Def Con from 0.00763721 to 0.00763722
Heightened Def Con from 0.00764721 to 0.00764723
Heightened Def Con from 0.00765721 to 0.00765722
Heightened Def Con from 0.00766721 to 0.00766722
Heightened Def Con from 0.00767721 to 0.00767723
Heightened Def Con from 0.00768721 to 0.00768722
Heightened Def Con from 0.00769721 to 0.00769723
Heightened Def Con from 0.00770721 to 0.00770723
Heightened Def Con from 0.00771721 to 0.00771722
Heightened Def Con from 0.00772721 to 0.00772722
Heightened Def Con from 0.00773721 to 0.00773723
Heightened Def Con from 0.00774721 to 0.00774722
Heightened Def Con from 0.00775721 to 0.00775722
Heightened Def Con from 0.00775722 to 0.00775723
Heightened Def Con from 0.00776721 to 0.00776723
Heightened Def Con from 0.00777721 to 0.00777722
Heightened Def Con from 0.00777722 to 0.00777723
Heightened Def Con from 0.00778721 to 0.00778722
Heightened Def Con from 0.00778722 to 0.00778723
Heightened Def Con from 0.00779721 to 0.00779722
Heightened Def Con from 0.00779722 to 0.00779723
Heightened Def Con from 0.00780721 to 0.00780722
Heightened Def Con from 0.00781721 to 0.00781723
Heightened Def Con from 0.00782721 to 0.00782722
Heightened Def Con from 0.00783721 to 0.00783722
Heightened Def Con from 0.00784721 to 0.00784722
Heightened Def Con from 0.00785721 to 0.00785723
Heightened Def Con from 0.00786721 to 0.00786722
Heightened Def Con from 0.00786722 to 0.00786723
Heightened Def Con from 0.00787721 to 0.00787722
Heightened Def Con from 0.00788721 to 0.00788722
Heightened Def Con from 0.00788722 to 0.00788723
Heightened Def Con from 0.00789721 to 0.00789723
Heightened Def Con from 0.00790721 to 0.00790723
Heightened Def Con from 0.00791721 to 0.00791722
Heightened Def Con from 0.00791722 to 0.00791723
Heightened Def Con from 0.00792721 to 0.00792722
Heightened Def Con from 0.00793721 to 0.00793722
Heightened Def Con from 0.00794721 to 0.00794723
Heightened Def Con from 0.00795721 to 0.00795723
Heightened Def Con from 0.00796721 to 0.00796722
Heightened Def Con from 0.00797721 to 0.00797723
Heightened Def Con from 0.00798721 to 0.00798722
Heightened Def Con from 0.00799721 to 0.00799723
Heightened Def Con from 0.00800721 to 0.00800723
Heightened Def Con from 0.00801721 to 0.00801723
Heightened Def Con from 0.00802721 to 0.00802722
Heightened Def Con from 0.00803721 to 0.00803722
Heightened Def Con from 0.00804721 to 0.00804722
Heightened Def Con from 0.00805721 to 0.00805723
Heightened Def Con from 0.00806721 to 0.00806723
Heightened Def Con from 0.00807721 to 0.00807722
Heightened Def Con from 0.00808721 to 0.00808723
Heightened Def Con from 0.00809721 to 0.00809722
Heightened Def Con from 0.00810721 to 0.00810722
Heightened Def Con from 0.00811721 to 0.00811722
Heightened Def Con from 0.00812721 to 0.00812722
Heightened Def Con from 0.0081372 to 0.00813722
Heightened Def Con from 0.00814721 to 0.00814723
Heightened Def Con from 0.00815721 to 0.00815722
Heightened Def Con from 0.00816721 to 0.00816723
Heightened Def Con from 0.00817721 to 0.00817723
Heightened Def Con from 0.00818721 to 0.00818722
Heightened Def Con from 0.00819721 to 0.00819722
Heightened Def Con from 0.0082072 to 0.00820722
Heightened Def Con from 0.00820722 to 0.00820722
Heightened Def Con from 0.00821721 to 0.00821723
Heightened Def Con from 0.00822721 to 0.00822722
Heightened Def Con from 0.00823721 to 0.00823723
Heightened Def Con from 0.00824721 to 0.00824723
Heightened Def Con from 0.00825721 to 0.00825723
Heightened Def Con from 0.00825723 to 0.00825723
Heightened Def Con from 0.00826721 to 0.00826722
Heightened Def Con from 0.00827721 to 0.00827723
Heightened Def Con from 0.00828721 to 0.00828722
Heightened Def Con from 0.00829721 to 0.00829722
Heightened Def Con from 0.00830721 to 0.00830722
Heightened Def Con from 0.00831721 to 0.00831722
Heightened Def Con from 0.00832721 to 0.00832723
Heightened Def Con from 0.00833721 to 0.00833722
Heightened Def Con from 0.00834721 to 0.00834723
Heightened Def Con from 0.00835721 to 0.00835722
Heightened Def Con from 0.00837721 to 0.00837723
Heightened Def Con from 0.00838721 to 0.00838722
Heightened Def Con from 0.00839721 to 0.00839723
Heightened Def Con from 0.00840721 to 0.00840723
Heightened Def Con from 0.00841721 to 0.00841723
Heightened Def Con from 0.00842721 to 0.00842723
Heightened Def Con from 0.00843721 to 0.00843722
Heightened Def Con from 0.00844721 to 0.00844722
Heightened Def Con from 0.00845721 to 0.00845722
Heightened Def Con from 0.00846721 to 0.00846723
Heightened Def Con from 0.00847721 to 0.00847722
Heightened Def Con from 0.00848721 to 0.00848722
Heightened Def Con from 0.00849721 to 0.00849723
Heightened Def Con from 0.00850721 to 0.00850722
Heightened Def Con from 0.00851721 to 0.00851723
Heightened Def Con from 0.00852721 to 0.00852723
Heightened Def Con from 0.00853721 to 0.00853723
Heightened Def Con from 0.00854721 to 0.00854722
Heightened Def Con from 0.00855721 to 0.00855723
Heightened Def Con from 0.00856721 to 0.00856723
Heightened Def Con from 0.00857721 to 0.00857722
Heightened Def Con from 0.00857722 to 0.00857723
Heightened Def Con from 0.00858721 to 0.00858722
Heightened Def Con from 0.00859721 to 0.00859722
Heightened Def Con from 0.00860721 to 0.00860722
Heightened Def Con from 0.00861721 to 0.00861723
Heightened Def Con from 0.00862721 to 0.00862722
Heightened Def Con from 0.00863721 to 0.00863723
Heightened Def Con from 0.00864721 to 0.00864722
Heightened Def Con from 0.00865721 to 0.00865722
Heightened Def Con from 0.00866721 to 0.00866723
Heightened Def Con from 0.00867721 to 0.00867722
Heightened Def Con from 0.00868721 to 0.00868722
Heightened Def Con from 0.00869721 to 0.00869722
Heightened Def Con from 0.00870721 to 0.00870722
Heightened Def Con from 0.00871721 to 0.00871723
Heightened Def Con from 0.00872721 to 0.00872723
Heightened Def Con from 0.00873721 to 0.00873723
Heightened Def Con from 0.00874721 to 0.00874723
Heightened Def Con from 0.00875721 to 0.00875723
Heightened Def Con from 0.00876721 to 0.00876722
Heightened Def Con from 0.00877721 to 0.00877723
Heightened Def Con from 0.0087872 to 0.00878722
Heightened Def Con from 0.00879721 to 0.00879723
Heightened Def Con from 0.00880721 to 0.00880723
Heightened Def Con from 0.00881721 to 0.00881723
Heightened Def Con from 0.00882721 to 0.00882723
Heightened Def Con from 0.00883721 to 0.00883722
Heightened Def Con from 0.00884721 to 0.00884723
Heightened Def Con from 0.00885721 to 0.00885722
Heightened Def Con from 0.00886721 to 0.00886723
Heightened Def Con from 0.00887721 to 0.00887723
Heightened Def Con from 0.00888721 to 0.00888722
Heightened Def Con from 0.00889721 to 0.00889723
Heightened Def Con from 0.00890721 to 0.00890723
Heightened Def Con from 0.00891721 to 0.00891723
Heightened Def Con from 0.00892721 to 0.00892722
Heightened Def Con from 0.00893721 to 0.00893722
Heightened Def Con from 0.00894721 to 0.00894723
Heightened Def Con from 0.00895721 to 0.00895722
Heightened Def Con from 0.00896721 to 0.00896722
Heightened Def Con from 0.00897721 to 0.00897722
Heightened Def Con from 0.00898721 to 0.00898723
Heightened Def Con from 0.00899721 to 0.00899723
Heightened Def Con from 0.00900721 to 0.00900722
Heightened Def Con from 0.00901721 to 0.00901722
Heightened Def Con from 0.00901722 to 0.00901723
Heightened Def Con from 0.00902721 to 0.00902723
Heightened Def Con from 0.00903721 to 0.00903722
Heightened Def Con from 0.00904721 to 0.00904722
Heightened Def Con from 0.00905721 to 0.00905723
Heightened Def Con from 0.00906721 to 0.00906723
Heightened Def Con from 0.00907721 to 0.00907722
Heightened Def Con from 0.00908721 to 0.00908723
Heightened Def Con from 0.00909721 to 0.00909722
Heightened Def Con from 0.00910721 to 0.00910723
Heightened Def Con from 0.00911721 to 0.00911722
Heightened Def Con from 0.00912721 to 0.00912722
Heightened Def Con from 0.00913721 to 0.00913723
Heightened Def Con from 0.00914721 to 0.00914722
Heightened Def Con from 0.00915721 to 0.00915722
Heightened Def Con from 0.00916721 to 0.00916723
Heightened Def Con from 0.00917721 to 0.00917722
Heightened Def Con from 0.00918721 to 0.00918723
Heightened Def Con from 0.00919721 to 0.00919723
Heightened Def Con from 0.00920721 to 0.00920722
Heightened Def Con from 0.00921721 to 0.00921722
Heightened Def Con from 0.00922721 to 0.00922723
Heightened Def Con from 0.0092372 to 0.00923722
Heightened Def Con from 0.00924721 to 0.00924723
Heightened Def Con from 0.00925721 to 0.00925723
Heightened Def Con from 0.00926721 to 0.00926722
Heightened Def Con from 0.00927721 to 0.00927722
Heightened Def Con from 0.00928721 to 0.00928723
Heightened Def Con from 0.00929721 to 0.00929722
Heightened Def Con from 0.00930721 to 0.00930722
Heightened Def Con from 0.00931721 to 0.00931723
Heightened Def Con from 0.00932721 to 0.00932723
Heightened Def Con from 0.00933721 to 0.00933723
Heightened Def Con from 0.00934721 to 0.00934723
Heightened Def Con from 0.00935721 to 0.00935723
Heightened Def Con from 0.00936721 to 0.00936723
Heightened Def Con from 0.00937721 to 0.00937723
Heightened Def Con from 0.0093872 to 0.00938722
Heightened Def Con from 0.00939721 to 0.00939723
Heightened Def Con from 0.00940721 to 0.00940723
Heightened Def Con from 0.00941721 to 0.00941723
Heightened Def Con from 0.00942721 to 0.00942723
Heightened Def Con from 0.00943721 to 0.00943723
Heightened Def Con from 0.00944721 to 0.00944723
Heightened Def Con from 0.00945721 to 0.00945723
Heightened Def Con from 0.00946721 to 0.00946723
Heightened Def Con from 0.00947721 to 0.00947723
Heightened Def Con from 0.00948721 to 0.00948723
Heightened Def Con from 0.00949721 to 0.00949722
Heightened Def Con from 0.00950721 to 0.00950723
Heightened Def Con from 0.00951721 to 0.00951723
Heightened Def Con from 0.00952721 to 0.00952722
Heightened Def Con from 0.00952722 to 0.00952723
Heightened Def Con from 0.00953721 to 0.00953723
Heightened Def Con from 0.00954721 to 0.00954722
Heightened Def Con from 0.00955721 to 0.00955723
Heightened Def Con from 0.00956721 to 0.00956723
Heightened Def Con from 0.00957721 to 0.00957723
Heightened Def Con from 0.00958721 to 0.00958723
Heightened Def Con from 0.00959721 to 0.00959723
Heightened Def Con from 0.00960721 to 0.00960723
Heightened Def Con from 0.00961721 to 0.00961723
Heightened Def Con from 0.00962721 to 0.00962723
Heightened Def Con from 0.00963721 to 0.00963722
Heightened Def Con from 0.00964721 to 0.00964722
Heightened Def Con from 0.00965721 to 0.00965723
Heightened Def Con from 0.00966721 to 0.00966722
Heightened Def Con from 0.00967721 to 0.00967722
Heightened Def Con from 0.00968721 to 0.00968723
Heightened Def Con from 0.00969721 to 0.00969723
Heightened Def Con from 0.00970721 to 0.00970723
Heightened Def Con from 0.00971721 to 0.00971722
Heightened Def Con from 0.00972721 to 0.00972722
Heightened Def Con from 0.00972722 to 0.00972723
Heightened Def Con from 0.00973721 to 0.00973722
Heightened Def Con from 0.00973722 to 0.00973723
Heightened Def Con from 0.00974721 to 0.00974722
Heightened Def Con from 0.00975721 to 0.00975723
Heightened Def Con from 0.00976721 to 0.00976723
Heightened Def Con from 0.00977721 to 0.00977723
Heightened Def Con from 0.00978721 to 0.00978722
Heightened Def Con from 0.00978722 to 0.00978723
Heightened Def Con from 0.00979721 to 0.00979722
Heightened Def Con from 0.00980721 to 0.00980723
Heightened Def Con from 0.00981721 to 0.00981722
Heightened Def Con from 0.00982721 to 0.00982722
Heightened Def Con from 0.00983721 to 0.00983722
Heightened Def Con from 0.00984721 to 0.00984723
Heightened Def Con from 0.00985721 to 0.00985723
Heightened Def Con from 0.00986721 to 0.00986722
Heightened Def Con from 0.00987721 to 0.00987723
Heightened Def Con from 0.00988721 to 0.00988723
Heightened Def Con from 0.00989721 to 0.00989723
Heightened Def Con from 0.00990721 to 0.00990723
Heightened Def Con from 0.00991721 to 0.00991723
Heightened Def Con from 0.00992721 to 0.00992722
Heightened Def Con from 0.00992722 to 0.00992723
Heightened Def Con from 0.00993721 to 0.00993722
Heightened Def Con from 0.00994721 to 0.00994722
Heightened Def Con from 0.00995721 to 0.00995722
Heightened Def Con from 0.00996721 to 0.00996722
Heightened Def Con from 0.00997721 to 0.00997722
Heightened Def Con from 0.00998721 to 0.00998723
Heightened Def Con from 0.00999721 to 0.00999723
Heightened Def Con from 0.0100072 to 0.0100072
Heightened Def Con from 0.0100172 to 0.0100172
Heightened Def Con from 0.0100272 to 0.0100272
Heightened Def Con from 0.0100272 to 0.0100272
Heightened Def Con from 0.0100372 to 0.0100372
Heightened Def Con from 0.0100472 to 0.0100472
Heightened Def Con from 0.0100572 to 0.0100572
Heightened Def Con from 0.0100672 to 0.0100672
Heightened Def Con from 0.0100772 to 0.0100772
Heightened Def Con from 0.0100872 to 0.0100872
Heightened Def Con from 0.0100972 to 0.0100972
Heightened Def Con from 0.0101072 to 0.0101072
Heightened Def Con from 0.0101172 to 0.0101172
Heightened Def Con from 0.0101272 to 0.0101272
Heightened Def Con from 0.0101372 to 0.0101372
Heightened Def Con from 0.0101472 to 0.0101472
Heightened Def Con from 0.0101572 to 0.0101572
Heightened Def Con from 0.0101672 to 0.0101672
Heightened Def Con from 0.0101772 to 0.0101772
Heightened Def Con from 0.0101872 to 0.0101872
Heightened Def Con from 0.0101972 to 0.0101972
Heightened Def Con from 0.0102072 to 0.0102072
Heightened Def Con from 0.0102172 to 0.0102172
Heightened Def Con from 0.0102272 to 0.0102272
Heightened Def Con from 0.0102372 to 0.0102372
Heightened Def Con from 0.0102472 to 0.0102472
Heightened Def Con from 0.0102572 to 0.0102572
Heightened Def Con from 0.0102672 to 0.0102672
Heightened Def Con from 0.0102772 to 0.0102772
Heightened Def Con from 0.0102872 to 0.0102872
Heightened Def Con from 0.0102972 to 0.0102972
Heightened Def Con from 0.0103072 to 0.0103072
Heightened Def Con from 0.0103172 to 0.0103172
Heightened Def Con from 0.0103272 to 0.0103272
Heightened Def Con from 0.0103372 to 0.0103372
Heightened Def Con from 0.0103472 to 0.0103472
Heightened Def Con from 0.0103572 to 0.0103572
Heightened Def Con from 0.0103672 to 0.0103672
Heightened Def Con from 0.0103772 to 0.0103772
Heightened Def Con from 0.0103872 to 0.0103872
Heightened Def Con from 0.0103972 to 0.0103972
Heightened Def Con from 0.0104072 to 0.0104072
Heightened Def Con from 0.0104172 to 0.0104172
Heightened Def Con from 0.0104272 to 0.0104272
Heightened Def Con from 0.0104372 to 0.0104372
Heightened Def Con from 0.0104372 to 0.0104372
Heightened Def Con from 0.0104472 to 0.0104472
Heightened Def Con from 0.0104572 to 0.0104572
Heightened Def Con from 0.0104672 to 0.0104672
Heightened Def Con from 0.0104772 to 0.0104772
Heightened Def Con from 0.0104872 to 0.0104872
Heightened Def Con from 0.0104972 to 0.0104972
Heightened Def Con from 0.0105072 to 0.0105072
Heightened Def Con from 0.0105172 to 0.0105172
Heightened Def Con from 0.0105272 to 0.0105272
Heightened Def Con from 0.0105272 to 0.0105272
Heightened Def Con from 0.0105372 to 0.0105372
Heightened Def Con from 0.0105472 to 0.0105472
Heightened Def Con from 0.0105572 to 0.0105572
Heightened Def Con from 0.0105672 to 0.0105672
Heightened Def Con from 0.0105672 to 0.0105672
Heightened Def Con from 0.0105772 to 0.0105772
Heightened Def Con from 0.0105872 to 0.0105872
Heightened Def Con from 0.0105972 to 0.0105972
Heightened Def Con from 0.0106072 to 0.0106072
Heightened Def Con from 0.0106172 to 0.0106172
Heightened Def Con from 0.0106272 to 0.0106272
Heightened Def Con from 0.0106372 to 0.0106372
Heightened Def Con from 0.0106472 to 0.0106472
Heightened Def Con from 0.0106572 to 0.0106572
Heightened Def Con from 0.0106672 to 0.0106672
Heightened Def Con from 0.0106772 to 0.0106772
Heightened Def Con from 0.0106872 to 0.0106872
Heightened Def Con from 0.0106972 to 0.0106972
Heightened Def Con from 0.0107072 to 0.0107072
Heightened Def Con from 0.0107172 to 0.0107172
Heightened Def Con from 0.0107272 to 0.0107272
Heightened Def Con from 0.0107372 to 0.0107372
Heightened Def Con from 0.0107472 to 0.0107472
Heightened Def Con from 0.0107472 to 0.0107472
Heightened Def Con from 0.0107572 to 0.0107572
Heightened Def Con from 0.0107672 to 0.0107672
Heightened Def Con from 0.0107772 to 0.0107772
Heightened Def Con from 0.0107872 to 0.0107872
Heightened Def Con from 0.0107972 to 0.0107972
Heightened Def Con from 0.0108072 to 0.0108072
Heightened Def Con from 0.0108072 to 0.0108072
Heightened Def Con from 0.0108172 to 0.0108172
Heightened Def Con from 0.0108272 to 0.0108272
Heightened Def Con from 0.0108372 to 0.0108372
Heightened Def Con from 0.0108472 to 0.0108472
Heightened Def Con from 0.0108572 to 0.0108572
Heightened Def Con from 0.0108672 to 0.0108672
Heightened Def Con from 0.0108772 to 0.0108772
Heightened Def Con from 0.0108872 to 0.0108872
Heightened Def Con from 0.0108972 to 0.0108972
Heightened Def Con from 0.0109072 to 0.0109072
Heightened Def Con from 0.0109172 to 0.0109172
Heightened Def Con from 0.0109272 to 0.0109272
Heightened Def Con from 0.0109372 to 0.0109372
Heightened Def Con from 0.0109472 to 0.0109472
Heightened Def Con from 0.0109572 to 0.0109572
Heightened Def Con from 0.0109672 to 0.0109672
Heightened Def Con from 0.0109772 to 0.0109772
Heightened Def Con from 0.0109872 to 0.0109872
Heightened Def Con from 0.0109972 to 0.0109972
Heightened Def Con from 0.0110072 to 0.0110072
Heightened Def Con from 0.0110172 to 0.0110172
Heightened Def Con from 0.0110272 to 0.0110272
Heightened Def Con from 0.0110272 to 0.0110272
Heightened Def Con from 0.0110372 to 0.0110372
Heightened Def Con from 0.0110472 to 0.0110472
Heightened Def Con from 0.0110572 to 0.0110572
Heightened Def Con from 0.0110672 to 0.0110672
Heightened Def Con from 0.0110772 to 0.0110772
Heightened Def Con from 0.0110872 to 0.0110872
Heightened Def Con from 0.0110972 to 0.0110972
Heightened Def Con from 0.0111072 to 0.0111072
Heightened Def Con from 0.0111172 to 0.0111172
Heightened Def Con from 0.0111272 to 0.0111272
Heightened Def Con from 0.0111372 to 0.0111372
Heightened Def Con from 0.0111472 to 0.0111472
Heightened Def Con from 0.0111572 to 0.0111572
Heightened Def Con from 0.0111672 to 0.0111672
Heightened Def Con from 0.0111772 to 0.0111772
Heightened Def Con from 0.0111872 to 0.0111872
Heightened Def Con from 0.0111872 to 0.0111872
Heightened Def Con from 0.0111972 to 0.0111972
Heightened Def Con from 0.0112072 to 0.0112072
Heightened Def Con from 0.0112172 to 0.0112172
Heightened Def Con from 0.0112272 to 0.0112272
Heightened Def Con from 0.0112372 to 0.0112372
Heightened Def Con from 0.0112472 to 0.0112472
Heightened Def Con from 0.0112572 to 0.0112572
Heightened Def Con from 0.0112672 to 0.0112672
Heightened Def Con from 0.0112772 to 0.0112772
Heightened Def Con from 0.0112872 to 0.0112872
Heightened Def Con from 0.0112972 to 0.0112972
Heightened Def Con from 0.0113072 to 0.0113072
Heightened Def Con from 0.0113172 to 0.0113172
Heightened Def Con from 0.0113272 to 0.0113272
Heightened Def Con from 0.0113372 to 0.0113372
Heightened Def Con from 0.0113472 to 0.0113472
Heightened Def Con from 0.0113572 to 0.0113572
Heightened Def Con from 0.0113672 to 0.0113672
Heightened Def Con from 0.0113672 to 0.0113672
Heightened Def Con from 0.0113772 to 0.0113772
Heightened Def Con from 0.0113872 to 0.0113872
Heightened Def Con from 0.0113972 to 0.0113972
Heightened Def Con from 0.0114072 to 0.0114072
Heightened Def Con from 0.0114172 to 0.0114172
Heightened Def Con from 0.0114272 to 0.0114272
Heightened Def Con from 0.0114372 to 0.0114372
Heightened Def Con from 0.0114472 to 0.0114472
Heightened Def Con from 0.0114572 to 0.0114572
Heightened Def Con from 0.0114672 to 0.0114672
Heightened Def Con from 0.0114772 to 0.0114772
Heightened Def Con from 0.0114872 to 0.0114872
Heightened Def Con from 0.0114872 to 0.0114872
Heightened Def Con from 0.0114972 to 0.0114972
Heightened Def Con from 0.0115072 to 0.0115072
Heightened Def Con from 0.0115172 to 0.0115172
Heightened Def Con from 0.0115272 to 0.0115272
Heightened Def Con from 0.0115272 to 0.0115272
Heightened Def Con from 0.0115372 to 0.0115372
Heightened Def Con from 0.0115472 to 0.0115472
Heightened Def Con from 0.0115572 to 0.0115572
Heightened Def Con from 0.0115672 to 0.0115672
Heightened Def Con from 0.0115772 to 0.0115772
Heightened Def Con from 0.0115772 to 0.0115772
Heightened Def Con from 0.0115872 to 0.0115872
Heightened Def Con from 0.0115972 to 0.0115972
Heightened Def Con from 0.0116072 to 0.0116072
Heightened Def Con from 0.0116072 to 0.0116072
Heightened Def Con from 0.0116172 to 0.0116172
Heightened Def Con from 0.0116272 to 0.0116272
Heightened Def Con from 0.0116372 to 0.0116372
Heightened Def Con from 0.0116372 to 0.0116372
Heightened Def Con from 0.0116472 to 0.0116472
Heightened Def Con from 0.0116572 to 0.0116572
Heightened Def Con from 0.0116672 to 0.0116672
Heightened Def Con from 0.0116772 to 0.0116772
Heightened Def Con from 0.0116872 to 0.0116872
Heightened Def Con from 0.0116972 to 0.0116972
Heightened Def Con from 0.0117072 to 0.0117072
Heightened Def Con from 0.0117172 to 0.0117172
Heightened Def Con from 0.0117272 to 0.0117272
Heightened Def Con from 0.0117372 to 0.0117372
Heightened Def Con from 0.0117472 to 0.0117472
Heightened Def Con from 0.0117572 to 0.0117572
Heightened Def Con from 0.0117672 to 0.0117672
Heightened Def Con from 0.0117772 to 0.0117772
Heightened Def Con from 0.0117872 to 0.0117872
Heightened Def Con from 0.0117972 to 0.0117972
Heightened Def Con from 0.0118072 to 0.0118072
Heightened Def Con from 0.0118172 to 0.0118172
Heightened Def Con from 0.0118272 to 0.0118272
Heightened Def Con from 0.0118372 to 0.0118372
Heightened Def Con from 0.0118472 to 0.0118472
Heightened Def Con from 0.0118572 to 0.0118572
Heightened Def Con from 0.0118672 to 0.0118672
Heightened Def Con from 0.0118772 to 0.0118772
Heightened Def Con from 0.0118872 to 0.0118872
Heightened Def Con from 0.0118972 to 0.0118972
Heightened Def Con from 0.0119072 to 0.0119072
Heightened Def Con from 0.0119172 to 0.0119172
Heightened Def Con from 0.0119272 to 0.0119272
Heightened Def Con from 0.0119372 to 0.0119372
Heightened Def Con from 0.0119372 to 0.0119372
Heightened Def Con from 0.0119472 to 0.0119472
Heightened Def Con from 0.0119572 to 0.0119572
Heightened Def Con from 0.0119672 to 0.0119672
Heightened Def Con from 0.0119772 to 0.0119772
Heightened Def Con from 0.0119872 to 0.0119872
Heightened Def Con from 0.0119972 to 0.0119972
Heightened Def Con from 0.0120072 to 0.0120072
Heightened Def Con from 0.0120172 to 0.0120172
Heightened Def Con from 0.0120272 to 0.0120272
Heightened Def Con from 0.0120372 to 0.0120372
Heightened Def Con from 0.0120472 to 0.0120472
Heightened Def Con from 0.0120572 to 0.0120572
Heightened Def Con from 0.0120672 to 0.0120672
Heightened Def Con from 0.0120772 to 0.0120772
Heightened Def Con from 0.0120872 to 0.0120872
Heightened Def Con from 0.0120972 to 0.0120972
Heightened Def Con from 0.0121072 to 0.0121072
Heightened Def Con from 0.0121172 to 0.0121172
Heightened Def Con from 0.0121272 to 0.0121272
Heightened Def Con from 0.0121372 to 0.0121372
Heightened Def Con from 0.0121472 to 0.0121472
Heightened Def Con from 0.0121472 to 0.0121472
Heightened Def Con from 0.0121572 to 0.0121572
Heightened Def Con from 0.0121672 to 0.0121672
Heightened Def Con from 0.0121772 to 0.0121772
Heightened Def Con from 0.0121872 to 0.0121872
Heightened Def Con from 0.0121972 to 0.0121972
Heightened Def Con from 0.0122072 to 0.0122072
Heightened Def Con from 0.0122172 to 0.0122172
Heightened Def Con from 0.0122272 to 0.0122272
Heightened Def Con from 0.0122372 to 0.0122372
Heightened Def Con from 0.0122472 to 0.0122472
Heightened Def Con from 0.0122672 to 0.0122672
Heightened Def Con from 0.0122772 to 0.0122772
Heightened Def Con from 0.0122872 to 0.0122872
Heightened Def Con from 0.0122972 to 0.0122972
Heightened Def Con from 0.0123072 to 0.0123072
Heightened Def Con from 0.0123172 to 0.0123172
Heightened Def Con from 0.0123272 to 0.0123272
Heightened Def Con from 0.0123372 to 0.0123372
Heightened Def Con from 0.0123472 to 0.0123472
Heightened Def Con from 0.0123572 to 0.0123572
Heightened Def Con from 0.0123672 to 0.0123672
Heightened Def Con from 0.0123772 to 0.0123772
Heightened Def Con from 0.0123772 to 0.0123772
Heightened Def Con from 0.0123872 to 0.0123872
Heightened Def Con from 0.0123972 to 0.0123972
Heightened Def Con from 0.0124072 to 0.0124072
Heightened Def Con from 0.0124172 to 0.0124172
Heightened Def Con from 0.0124172 to 0.0124172
Heightened Def Con from 0.0124272 to 0.0124272
Heightened Def Con from 0.0124372 to 0.0124372
Heightened Def Con from 0.0124472 to 0.0124472
Heightened Def Con from 0.0124572 to 0.0124572
Heightened Def Con from 0.0124672 to 0.0124672
Heightened Def Con from 0.0124772 to 0.0124772
Heightened Def Con from 0.0124872 to 0.0124872
Heightened Def Con from 0.0124972 to 0.0124972
Heightened Def Con from 0.0125072 to 0.0125072
Heightened Def Con from 0.0125172 to 0.0125172
Heightened Def Con from 0.0125272 to 0.0125272
Heightened Def Con from 0.0125372 to 0.0125372
Heightened Def Con from 0.0125472 to 0.0125472
Heightened Def Con from 0.0125572 to 0.0125572
Heightened Def Con from 0.0125672 to 0.0125672
Heightened Def Con from 0.0125772 to 0.0125772
Heightened Def Con from 0.0125872 to 0.0125872
Heightened Def Con from 0.0125872 to 0.0125872
Heightened Def Con from 0.0125972 to 0.0125972
Heightened Def Con from 0.0126072 to 0.0126072
Heightened Def Con from 0.0126172 to 0.0126172
Heightened Def Con from 0.0126272 to 0.0126272
Heightened Def Con from 0.0126372 to 0.0126372
Heightened Def Con from 0.0126472 to 0.0126472
Heightened Def Con from 0.0126572 to 0.0126572
Heightened Def Con from 0.0126672 to 0.0126672
Heightened Def Con from 0.0126872 to 0.0126872
Heightened Def Con from 0.0126972 to 0.0126972
Heightened Def Con from 0.0127072 to 0.0127072
Heightened Def Con from 0.0127172 to 0.0127172
Heightened Def Con from 0.0127272 to 0.0127272
Heightened Def Con from 0.0127372 to 0.0127372
Heightened Def Con from 0.0127372 to 0.0127372
Heightened Def Con from 0.0127472 to 0.0127472
Heightened Def Con from 0.0127572 to 0.0127572
Heightened Def Con from 0.0127672 to 0.0127672
Heightened Def Con from 0.0127772 to 0.0127772
Heightened Def Con from 0.0127872 to 0.0127872
Heightened Def Con from 0.0127972 to 0.0127972
Heightened Def Con from 0.0128072 to 0.0128072
Heightened Def Con from 0.0128172 to 0.0128172
Heightened Def Con from 0.0128272 to 0.0128272
Heightened Def Con from 0.0128372 to 0.0128372
Heightened Def Con from 0.0128472 to 0.0128472
Heightened Def Con from 0.0128572 to 0.0128572
Heightened Def Con from 0.0128672 to 0.0128672
Heightened Def Con from 0.0128772 to 0.0128772
Heightened Def Con from 0.0128772 to 0.0128772
Heightened Def Con from 0.0128872 to 0.0128872
Heightened Def Con from 0.0128872 to 0.0128872
Heightened Def Con from 0.0128972 to 0.0128972
Heightened Def Con from 0.0129072 to 0.0129072
Heightened Def Con from 0.0129172 to 0.0129172
Heightened Def Con from 0.0129272 to 0.0129272
Heightened Def Con from 0.0129372 to 0.0129372
Heightened Def Con from 0.0129472 to 0.0129472
Heightened Def Con from 0.0129572 to 0.0129572
Heightened Def Con from 0.0129672 to 0.0129672
Heightened Def Con from 0.0129772 to 0.0129772
Heightened Def Con from 0.0129872 to 0.0129872
Heightened Def Con from 0.0129972 to 0.0129972
Heightened Def Con from 0.0130072 to 0.0130072
Heightened Def Con from 0.0130172 to 0.0130172
Heightened Def Con from 0.0130272 to 0.0130272
Heightened Def Con from 0.0130372 to 0.0130372
Heightened Def Con from 0.0130472 to 0.0130472
Heightened Def Con from 0.0130572 to 0.0130572
Heightened Def Con from 0.0130672 to 0.0130672
Heightened Def Con from 0.0130772 to 0.0130772
Heightened Def Con from 0.0130872 to 0.0130872
Heightened Def Con from 0.0130972 to 0.0130972
Heightened Def Con from 0.0130972 to 0.0130972
Heightened Def Con from 0.0131072 to 0.0131072
Heightened Def Con from 0.0131172 to 0.0131172
Heightened Def Con from 0.0131272 to 0.0131272
Heightened Def Con from 0.0131372 to 0.0131372
Heightened Def Con from 0.0131472 to 0.0131472
Heightened Def Con from 0.0131572 to 0.0131572
Heightened Def Con from 0.0131672 to 0.0131672
Heightened Def Con from 0.0131772 to 0.0131772
Heightened Def Con from 0.0131872 to 0.0131872
Heightened Def Con from 0.0131972 to 0.0131972
Heightened Def Con from 0.0132072 to 0.0132072
Heightened Def Con from 0.0132172 to 0.0132172
Heightened Def Con from 0.0132272 to 0.0132272
Heightened Def Con from 0.0132372 to 0.0132372
Heightened Def Con from 0.0132472 to 0.0132472
Heightened Def Con from 0.0132572 to 0.0132572
Heightened Def Con from 0.0132672 to 0.0132672
Heightened Def Con from 0.0132772 to 0.0132772
Heightened Def Con from 0.0132872 to 0.0132872
Heightened Def Con from 0.0132972 to 0.0132972
Heightened Def Con from 0.0133072 to 0.0133072
Heightened Def Con from 0.0133172 to 0.0133172
Heightened Def Con from 0.0133272 to 0.0133272
Heightened Def Con from 0.0133372 to 0.0133372
Heightened Def Con from 0.0133472 to 0.0133472
Heightened Def Con from 0.0133572 to 0.0133572
Heightened Def Con from 0.0133672 to 0.0133672
Heightened Def Con from 0.0133772 to 0.0133772
Heightened Def Con from 0.0133872 to 0.0133872
Heightened Def Con from 0.0133972 to 0.0133972
Heightened Def Con from 0.0134072 to 0.0134072
Heightened Def Con from 0.0134172 to 0.0134172
Heightened Def Con from 0.0134272 to 0.0134272
Heightened Def Con from 0.0134372 to 0.0134372
Heightened Def Con from 0.0134472 to 0.0134472
Heightened Def Con from 0.0134572 to 0.0134572
Heightened Def Con from 0.0134672 to 0.0134672
Heightened Def Con from 0.0134772 to 0.0134772
Heightened Def Con from 0.0134872 to 0.0134872
Heightened Def Con from 0.0134972 to 0.0134972
Heightened Def Con from 0.0135072 to 0.0135072
Heightened Def Con from 0.0135172 to 0.0135172
Heightened Def Con from 0.0135272 to 0.0135272
Heightened Def Con from 0.0135372 to 0.0135372
Heightened Def Con from 0.0135472 to 0.0135472
Heightened Def Con from 0.0135572 to 0.0135572
Heightened Def Con from 0.0135672 to 0.0135672
Heightened Def Con from 0.0135772 to 0.0135772
Heightened Def Con from 0.0135872 to 0.0135872
Heightened Def Con from 0.0135972 to 0.0135972
Heightened Def Con from 0.0136072 to 0.0136072
Heightened Def Con from 0.0136172 to 0.0136172
Heightened Def Con from 0.0136272 to 0.0136272
Heightened Def Con from 0.0136372 to 0.0136372
Heightened Def Con from 0.0136472 to 0.0136472
Heightened Def Con from 0.0136572 to 0.0136572
Heightened Def Con from 0.0136672 to 0.0136672
Heightened Def Con from 0.0136772 to 0.0136772
Heightened Def Con from 0.0136872 to 0.0136872
Heightened Def Con from 0.0136972 to 0.0136972
Heightened Def Con from 0.0137072 to 0.0137072
Heightened Def Con from 0.0137172 to 0.0137172
Heightened Def Con from 0.0137272 to 0.0137272
Heightened Def Con from 0.0137372 to 0.0137372
Heightened Def Con from 0.0137472 to 0.0137472
Heightened Def Con from 0.0137572 to 0.0137572
Heightened Def Con from 0.0137672 to 0.0137672
Heightened Def Con from 0.0137772 to 0.0137772
Heightened Def Con from 0.0137872 to 0.0137872
Heightened Def Con from 0.0137972 to 0.0137972
Heightened Def Con from 0.0138072 to 0.0138072
Heightened Def Con from 0.0138172 to 0.0138172
Heightened Def Con from 0.0138272 to 0.0138272
Heightened Def Con from 0.0138372 to 0.0138372
Heightened Def Con from 0.0138372 to 0.0138372
Heightened Def Con from 0.0138472 to 0.0138472
Heightened Def Con from 0.0138472 to 0.0138472
Heightened Def Con from 0.0138572 to 0.0138572
Heightened Def Con from 0.0138672 to 0.0138672
Heightened Def Con from 0.0138772 to 0.0138772
Heightened Def Con from 0.0138872 to 0.0138872
Heightened Def Con from 0.0138972 to 0.0138972
Heightened Def Con from 0.0139072 to 0.0139072
Heightened Def Con from 0.0139172 to 0.0139172
Heightened Def Con from 0.0139272 to 0.0139272
Heightened Def Con from 0.0139372 to 0.0139372
Heightened Def Con from 0.0139472 to 0.0139472
Heightened Def Con from 0.0139572 to 0.0139572
Heightened Def Con from 0.0139672 to 0.0139672
Heightened Def Con from 0.0139772 to 0.0139772
Heightened Def Con from 0.0139872 to 0.0139872
Heightened Def Con from 0.0139972 to 0.0139972
Heightened Def Con from 0.0140072 to 0.0140072
Heightened Def Con from 0.0140172 to 0.0140172
Heightened Def Con from 0.0140272 to 0.0140272
Heightened Def Con from 0.0140372 to 0.0140372
Heightened Def Con from 0.0140472 to 0.0140472
Heightened Def Con from 0.0140572 to 0.0140572
Heightened Def Con from 0.0140672 to 0.0140672
Heightened Def Con from 0.0140772 to 0.0140772
Heightened Def Con from 0.0140872 to 0.0140872
Heightened Def Con from 0.0140972 to 0.0140972
Heightened Def Con from 0.0141072 to 0.0141072
Heightened Def Con from 0.0141172 to 0.0141172
Heightened Def Con from 0.0141272 to 0.0141272
Heightened Def Con from 0.0141372 to 0.0141372
Heightened Def Con from 0.0141472 to 0.0141472
Heightened Def Con from 0.0141572 to 0.0141572
Heightened Def Con from 0.0141672 to 0.0141672
Heightened Def Con from 0.0141772 to 0.0141772
Heightened Def Con from 0.0141872 to 0.0141872
Heightened Def Con from 0.0141972 to 0.0141972
Heightened Def Con from 0.0142072 to 0.0142072
Heightened Def Con from 0.0142172 to 0.0142172
Heightened Def Con from 0.0142272 to 0.0142272
Heightened Def Con from 0.0142372 to 0.0142372
Heightened Def Con from 0.0142472 to 0.0142472
Heightened Def Con from 0.0142572 to 0.0142572
Heightened Def Con from 0.0142672 to 0.0142672
Heightened Def Con from 0.0142772 to 0.0142772
Heightened Def Con from 0.0142872 to 0.0142872
Heightened Def Con from 0.0142972 to 0.0142972
Heightened Def Con from 0.0143072 to 0.0143072
Heightened Def Con from 0.0143172 to 0.0143172
Heightened Def Con from 0.0143272 to 0.0143272
Heightened Def Con from 0.0143372 to 0.0143372
Heightened Def Con from 0.0143472 to 0.0143472
Heightened Def Con from 0.0143572 to 0.0143572
Heightened Def Con from 0.0143672 to 0.0143672
Heightened Def Con from 0.0143772 to 0.0143772
Heightened Def Con from 0.0143872 to 0.0143872
Heightened Def Con from 0.0143872 to 0.0143872
Heightened Def Con from 0.0143972 to 0.0143972
Heightened Def Con from 0.0144072 to 0.0144072
Heightened Def Con from 0.0144072 to 0.0144072
Heightened Def Con from 0.0144172 to 0.0144172
Heightened Def Con from 0.0144272 to 0.0144272
Heightened Def Con from 0.0144372 to 0.0144372
Heightened Def Con from 0.0144472 to 0.0144472
Heightened Def Con from 0.0144572 to 0.0144572
Heightened Def Con from 0.0144672 to 0.0144672
Heightened Def Con from 0.0144772 to 0.0144772
Heightened Def Con from 0.0144872 to 0.0144872
Heightened Def Con from 0.0144972 to 0.0144972
Heightened Def Con from 0.0145072 to 0.0145072
Heightened Def Con from 0.0145172 to 0.0145172
Heightened Def Con from 0.0145272 to 0.0145272
Heightened Def Con from 0.0145272 to 0.0145272
Heightened Def Con from 0.0145372 to 0.0145372
Heightened Def Con from 0.0145472 to 0.0145472
Heightened Def Con from 0.0145572 to 0.0145572
Heightened Def Con from 0.0145672 to 0.0145672
Heightened Def Con from 0.0145772 to 0.0145772
Heightened Def Con from 0.0145872 to 0.0145872
Heightened Def Con from 0.0145972 to 0.0145972
Heightened Def Con from 0.0146072 to 0.0146072
Heightened Def Con from 0.0146172 to 0.0146172
Heightened Def Con from 0.0146272 to 0.0146272
Heightened Def Con from 0.0146372 to 0.0146372
Heightened Def Con from 0.0146472 to 0.0146472
Heightened Def Con from 0.0146572 to 0.0146572
Heightened Def Con from 0.0146572 to 0.0146572
Heightened Def Con from 0.0146672 to 0.0146672
Heightened Def Con from 0.0146772 to 0.0146772
Heightened Def Con from 0.0146872 to 0.0146872
Heightened Def Con from 0.0146972 to 0.0146972
Heightened Def Con from 0.0147072 to 0.0147072
Heightened Def Con from 0.0147172 to 0.0147172
Heightened Def Con from 0.0147272 to 0.0147272
Heightened Def Con from 0.0147372 to 0.0147372
Heightened Def Con from 0.0147472 to 0.0147472
Heightened Def Con from 0.0147572 to 0.0147572
Heightened Def Con from 0.0147672 to 0.0147672
Heightened Def Con from 0.0147772 to 0.0147772
Heightened Def Con from 0.0147872 to 0.0147872
Heightened Def Con from 0.0147972 to 0.0147972
Heightened Def Con from 0.0148072 to 0.0148072
Heightened Def Con from 0.0148172 to 0.0148172
Heightened Def Con from 0.0148272 to 0.0148272
Heightened Def Con from 0.0148372 to 0.0148372
Heightened Def Con from 0.0148472 to 0.0148472
Heightened Def Con from 0.0148572 to 0.0148572
Heightened Def Con from 0.0148672 to 0.0148672
Heightened Def Con from 0.0148772 to 0.0148772
Heightened Def Con from 0.0148872 to 0.0148872
Heightened Def Con from 0.0148972 to 0.0148972
Heightened Def Con from 0.0149072 to 0.0149072
Heightened Def Con from 0.0149172 to 0.0149172
Heightened Def Con from 0.0149272 to 0.0149272
Heightened Def Con from 0.0149372 to 0.0149372
Heightened Def Con from 0.0149472 to 0.0149472
Heightened Def Con from 0.0149572 to 0.0149572
Heightened Def Con from 0.0149672 to 0.0149672
Heightened Def Con from 0.0149772 to 0.0149772
Heightened Def Con from 0.0149872 to 0.0149872
Heightened Def Con from 0.0149972 to 0.0149972
.step x=6.66e-006
.step x=6.82e-006
.step x=6.98e-006
.step x=7.14e-006
.step x=7.3e-006
.step x=7.46e-006
.step x=7.62e-006
.step x=7.78e-006
.step x=7.94e-006
.step x=8.1e-006

Date: Mon Sep 30 19:31:52 2019
Total elapsed time: 463.279 seconds.

tnom = 27
temp = 27
method = modified trap
totiter = 3596968
traniter = 3596951
tranpoints = 1444792
accept = 971210
rejected = 474471
matrix size = 39
fillins = 31
solver = Normal
Matrix Compiler1: 3.28 KB object code size  1.4/0.8/[0.5]
Matrix Compiler2: off  [0.7]/1.0/0.8

