
   --- Expanded Deck Component Count ---
B's 2
C's 6
D's 9
E's 1
G's 1
L's 4
M's 1
R's 16
V's 3
tot: 43


    --- Expanded Netlist ---
* C:\Users\lars_\Dropbox\ETP1\HW\LTSpice\Design2.asc
l1 led- n001 680µ
r1 pwm 0 100k
rsense s+ led+ 1
r4 led+ s- 4.7k
c2 s+ s- 10p
c3 s+ 0 100n
rgain n002 0 1.47k
r6 adc n002 4.7k
c4 adc 0 1µ
g1 0 n002 s+ s- 0.004
l:u1:d n001 u1:5 2e-10
r:u1:ld2 n001 u1:5 0.502654824574367
r:u1:ld1 u1:5 u1:4 7e-05
l:u1:g pwm u1:1 7.81292696075128e-10
r:u1:lg pwm u1:1 1.96360271543439
l:u1:s 0 u1:8 3.69337910493836e-09
r:u1:ls2 0 u1:8 9.28247413039712
r:u1:ls1 u1:8 u1:7 0.0191241799894491
r:u1:ds u1:7 u1:4 5500000 tc=-0.005
r:u1:s u1:6 u1:7 0.0001
r:u1:d u1:3 u1:4 0.0886791635758652 tc=0.00557195984560532,1.50445021377994e-05
r:u1:bd u1:9 u1:4 0.00423812769377479 tc=0.00557195984560532,1.50445021377994e-05
d:u1:bd u1:7 u1:9 u1:dbd 
m:u1:1 u1:3 u1:2 u1:6 u1:6 u1:mint 
r:u1:gs u1:2 u1:6 150000000
c:u1:gs u1:2 u1:6 2.15e-10
r:u1:g u1:1 u1:2 0.34
c:u1:11 u1:11 u1:12 1e-12
v:u1:11 u1:11 0 0vdc
b:u1:§g11 u1:3 u1:2 i=v(u1:13,0)*i(v:u1:11) 
e:u1:11 u1:12 0 u1:3 u1:2 1
b:u1:§e12 u1:13 0 v=table(v(u1:12),-0.5,396.208,-0.2,351.798,-0.1,350.383,0,318.89292,0.1,269.74936,0.2,269.37304,0.5,194.24412,1,141.19928,2,109.32392,3,95.78292,4,87.07591,5,80.62141,6,75.65487,8,68.40671,10,63.19186,12,59.14125,15,54.46711,16,53.09894,20,48.88082,25,44.90711,30,41.88,44,36.15473)
v1 s+ 0 24
v2 pwm 0 pulse(0 2.5 0 0 0 6.5e-006 0.00001)
d3 p001 p002 lxhl-bw02
d4 p002 p003 lxhl-bw02
d5 p003 p004 lxhl-bw02
d6 p004 p005 lxhl-bw02
d7 p005 led- lxhl-bw02
d2 led+ p001 lxhl-bw02
d1 n001 s+ ss13l
c1 led+ led- 100µ
d8 s+ led+ ss34
.model ss34 d is=8.096e-04 n=1.00 rs=8.2030e-3 ikf=1.8287e-5 cjo=1.0854n m=0.4517 vj=0.3905 bv=40 ibv=2.5e-4 eg=0.68 iave=3 vpk=40 mfg=fairchild type=schottky
.model ss13l d(is=1.4837e-6 n=1.0443 rs=54.747e-3 ikf=.44154 cjo=147.94e-12 m=.49997 vj=1.0845 isr=205.41e-9 nr=4.9950 bv=30 ibv=10e-6 tt=7.3989e-9 type=schottky)
.model lxhl-bw02 d(is=4.5e-20 rs=.85 n=2.6 cjo=1.18n xti=200 iave=400ma vpk=5 mfg=lumileds type=led)
.model u1:dbd d(bv=60.5 ibv=2.500000e-004 rs=1e-6 is=9.91320728256447e-14 n=1 m=0.45 vj=0.68 fc=0.5 cjo=9.398912e-11 tt=1.2e-08)
.model u1:mint nmos(vto=1.68555981888096 kp=1.293029e+001 nfs=330000000000 eta=1000 level=3 l=1e-4 w=1e-4 gamma=0 phi=0.6 is=1e-24 js=0 pb=0.8 cj=0 cjsw=0 cgso=0 cgdo=0 cgbo=0 tox=1e-07 xj=0 u0=600 vmax=1000)
.tran 15m
.end

Limiting rise time of source v2 to 3.5e-007
Limiting fall time of source v2 to 3.5e-007
Direct Newton iteration for .op point succeeded.
.step x=6.5e-006
Heightened Def Con from 1.20569e-009 to 4.20569e-009
Heightened Def Con from 7.21187e-006 to 7.22287e-006
Heightened Def Con from 1.7207e-005 to 1.7221e-005
Heightened Def Con from 2.72118e-005 to 2.72228e-005
Heightened Def Con from 7.72119e-005 to 7.72229e-005
Heightened Def Con from 8.72119e-005 to 8.72229e-005
Heightened Def Con from 0.000137201 to 0.000137218
Heightened Def Con from 0.000147201 to 0.000147218
Heightened Def Con from 0.000167212 to 0.000167223
Heightened Def Con from 0.000177212 to 0.000177223
Heightened Def Con from 0.000217201 to 0.000217218
Heightened Def Con from 0.000227207 to 0.000227221
Heightened Def Con from 0.000247212 to 0.000247223
Heightened Def Con from 0.000247223 to 0.000247226
Heightened Def Con from 0.000257212 to 0.000257223
Heightened Def Con from 0.000287212 to 0.000287223
Heightened Def Con from 0.000297207 to 0.000297221
Heightened Def Con from 0.000337212 to 0.000337223
Heightened Def Con from 0.000347201 to 0.000347218
Heightened Def Con from 0.000387212 to 0.000387223
Heightened Def Con from 0.000397212 to 0.000397223
Heightened Def Con from 0.000407213 to 0.000407226
Heightened Def Con from 0.000417212 to 0.000417225
Heightened Def Con from 0.000487212 to 0.000487223
Heightened Def Con from 0.000487223 to 0.000487226
Heightened Def Con from 0.000517212 to 0.000517223
Heightened Def Con from 0.000517223 to 0.000517226
Heightened Def Con from 0.000567212 to 0.000567223
Heightened Def Con from 0.000577212 to 0.000577223
Heightened Def Con from 0.000587212 to 0.000587223
Heightened Def Con from 0.000597201 to 0.000597218
Heightened Def Con from 0.000607212 to 0.000607223
Heightened Def Con from 0.000627212 to 0.000627223
Heightened Def Con from 0.000637207 to 0.000637221
Heightened Def Con from 0.000687213 to 0.000687226
Heightened Def Con from 0.000717201 to 0.000717218
Heightened Def Con from 0.000727204 to 0.00072722
Heightened Def Con from 0.000777213 to 0.000777226
Heightened Def Con from 0.000787212 to 0.000787223
Heightened Def Con from 0.000817212 to 0.000817223
Heightened Def Con from 0.000827212 to 0.000827223
Heightened Def Con from 0.000827223 to 0.000827226
Heightened Def Con from 0.000837212 to 0.000837223
Heightened Def Con from 0.000847212 to 0.000847223
Heightened Def Con from 0.000857212 to 0.000857223
Heightened Def Con from 0.000867212 to 0.000867224
Heightened Def Con from 0.000877212 to 0.000877224
Heightened Def Con from 0.000887212 to 0.000887223
Heightened Def Con from 0.000887223 to 0.000887226
Heightened Def Con from 0.000897201 to 0.000897218
Heightened Def Con from 0.000907212 to 0.000907223
Heightened Def Con from 0.000917212 to 0.000917223
Heightened Def Con from 0.000927212 to 0.000927224
Heightened Def Con from 0.000937204 to 0.00093722
Heightened Def Con from 0.000947212 to 0.000947223
Heightened Def Con from 0.000947223 to 0.000947226
Heightened Def Con from 0.000957212 to 0.000957223
Heightened Def Con from 0.000967212 to 0.000967223
Heightened Def Con from 0.000977212 to 0.000977223
Heightened Def Con from 0.000987201 to 0.000987218
Heightened Def Con from 0.000997207 to 0.000997221
Heightened Def Con from 0.00100721 to 0.00100722
Heightened Def Con from 0.00101721 to 0.00101722
Heightened Def Con from 0.00102721 to 0.00102722
Heightened Def Con from 0.00102722 to 0.00102723
Heightened Def Con from 0.00103721 to 0.00103723
Heightened Def Con from 0.00104721 to 0.00104722
Heightened Def Con from 0.00105721 to 0.00105722
Heightened Def Con from 0.00106721 to 0.00106722
Heightened Def Con from 0.00107721 to 0.00107723
Heightened Def Con from 0.00108721 to 0.00108722
Heightened Def Con from 0.00109721 to 0.00109722
Heightened Def Con from 0.00111721 to 0.00111722
Heightened Def Con from 0.00112721 to 0.00112722
Heightened Def Con from 0.00113721 to 0.00113722
Heightened Def Con from 0.00113722 to 0.00113723
Heightened Def Con from 0.00114721 to 0.00114722
Heightened Def Con from 0.00115721 to 0.00115722
Heightened Def Con from 0.00116721 to 0.00116722
Heightened Def Con from 0.00116722 to 0.00116723
Heightened Def Con from 0.00117721 to 0.00117722
Heightened Def Con from 0.00118721 to 0.00118722
Heightened Def Con from 0.00119721 to 0.00119722
Heightened Def Con from 0.00120721 to 0.00120723
Heightened Def Con from 0.00121721 to 0.00121722
Heightened Def Con from 0.00122721 to 0.00122722
Heightened Def Con from 0.0012372 to 0.00123722
Heightened Def Con from 0.0012472 to 0.00124722
Heightened Def Con from 0.00125721 to 0.00125722
Heightened Def Con from 0.00125722 to 0.00125723
Heightened Def Con from 0.00126721 to 0.00126722
Heightened Def Con from 0.00127721 to 0.00127722
Heightened Def Con from 0.0012872 to 0.00128722
Heightened Def Con from 0.00129721 to 0.00129722
Heightened Def Con from 0.00130721 to 0.00130722
Heightened Def Con from 0.00131721 to 0.00131722
Heightened Def Con from 0.00132721 to 0.00132722
Heightened Def Con from 0.00132722 to 0.00132723
Heightened Def Con from 0.00133721 to 0.00133723
Heightened Def Con from 0.00134721 to 0.00134722
Heightened Def Con from 0.00135721 to 0.00135722
Heightened Def Con from 0.00137721 to 0.00137722
Heightened Def Con from 0.00138721 to 0.00138722
Heightened Def Con from 0.00139721 to 0.00139723
Heightened Def Con from 0.00140721 to 0.00140722
Heightened Def Con from 0.00140722 to 0.00140723
Heightened Def Con from 0.0014172 to 0.00141722
Heightened Def Con from 0.00142721 to 0.00142722
Heightened Def Con from 0.00143721 to 0.00143722
Heightened Def Con from 0.00144721 to 0.00144722
Heightened Def Con from 0.00145721 to 0.00145722
Heightened Def Con from 0.00146721 to 0.00146722
Heightened Def Con from 0.00147721 to 0.00147722
Heightened Def Con from 0.00147722 to 0.00147723
Heightened Def Con from 0.00148721 to 0.00148722
Heightened Def Con from 0.0014972 to 0.00149722
Heightened Def Con from 0.00149722 to 0.00149722
Heightened Def Con from 0.00150721 to 0.00150722
Heightened Def Con from 0.00151721 to 0.00151723
Heightened Def Con from 0.00152721 to 0.00152722
Heightened Def Con from 0.00153721 to 0.00153722
Heightened Def Con from 0.00154721 to 0.00154722
Heightened Def Con from 0.00154722 to 0.00154723
Heightened Def Con from 0.00155721 to 0.00155722
Heightened Def Con from 0.00156721 to 0.00156722
Heightened Def Con from 0.00157721 to 0.00157722
Heightened Def Con from 0.00157722 to 0.00157723
Heightened Def Con from 0.00158721 to 0.00158722
Heightened Def Con from 0.00158722 to 0.00158723
Heightened Def Con from 0.00159721 to 0.00159722
Heightened Def Con from 0.00160721 to 0.00160722
Heightened Def Con from 0.00161721 to 0.00161722
Heightened Def Con from 0.00162721 to 0.00162722
Heightened Def Con from 0.00162722 to 0.00162723
Heightened Def Con from 0.00163721 to 0.00163722
Heightened Def Con from 0.00164721 to 0.00164722
Heightened Def Con from 0.00165721 to 0.00165722
Heightened Def Con from 0.00166721 to 0.00166722
Heightened Def Con from 0.00167721 to 0.00167722
Heightened Def Con from 0.00167722 to 0.00167723
Heightened Def Con from 0.00168721 to 0.00168722
Heightened Def Con from 0.00170721 to 0.00170722
Heightened Def Con from 0.0017272 to 0.00172722
Heightened Def Con from 0.00173721 to 0.00173722
Heightened Def Con from 0.00174721 to 0.00174722
Heightened Def Con from 0.00174722 to 0.00174723
Heightened Def Con from 0.00175721 to 0.00175722
Heightened Def Con from 0.00176721 to 0.00176722
Heightened Def Con from 0.00177721 to 0.00177723
Heightened Def Con from 0.00178721 to 0.00178722
Heightened Def Con from 0.00179721 to 0.00179722
Heightened Def Con from 0.00179722 to 0.00179723
Heightened Def Con from 0.0018072 to 0.00180722
Heightened Def Con from 0.00181721 to 0.00181722
Heightened Def Con from 0.00182721 to 0.00182722
Heightened Def Con from 0.0018372 to 0.00183722
Heightened Def Con from 0.0018472 to 0.00184722
Heightened Def Con from 0.00185721 to 0.00185722
Heightened Def Con from 0.00186721 to 0.00186722
Heightened Def Con from 0.00186722 to 0.00186723
Heightened Def Con from 0.00187721 to 0.00187722
Heightened Def Con from 0.00188721 to 0.00188722
Heightened Def Con from 0.00189721 to 0.00189722
Heightened Def Con from 0.0019072 to 0.00190722
Heightened Def Con from 0.00191721 to 0.00191722
Heightened Def Con from 0.00191722 to 0.00191723
Heightened Def Con from 0.00192721 to 0.00192722
Heightened Def Con from 0.00192722 to 0.00192723
Heightened Def Con from 0.00193721 to 0.00193722
Heightened Def Con from 0.00194721 to 0.00194723
Heightened Def Con from 0.00195721 to 0.00195722
Heightened Def Con from 0.00196721 to 0.00196722
Heightened Def Con from 0.00197721 to 0.00197722
Heightened Def Con from 0.00198721 to 0.00198722
Heightened Def Con from 0.00199721 to 0.00199722
Heightened Def Con from 0.00200721 to 0.00200722
Heightened Def Con from 0.00201721 to 0.00201722
Heightened Def Con from 0.00202721 to 0.00202723
Heightened Def Con from 0.00203721 to 0.00203723
Heightened Def Con from 0.00204721 to 0.00204722
Heightened Def Con from 0.00205721 to 0.00205722
Heightened Def Con from 0.00206721 to 0.00206722
Heightened Def Con from 0.00206722 to 0.00206723
Heightened Def Con from 0.00207721 to 0.00207722
Heightened Def Con from 0.00207722 to 0.00207723
Heightened Def Con from 0.00208721 to 0.00208722
Heightened Def Con from 0.00209721 to 0.00209722
Heightened Def Con from 0.00210721 to 0.00210722
Heightened Def Con from 0.0021172 to 0.00211722
Heightened Def Con from 0.0021272 to 0.00212722
Heightened Def Con from 0.00213721 to 0.00213722
Heightened Def Con from 0.00214721 to 0.00214722
Heightened Def Con from 0.00215721 to 0.00215722
Heightened Def Con from 0.00216721 to 0.00216722
Heightened Def Con from 0.00217721 to 0.00217722
Heightened Def Con from 0.00218721 to 0.00218722
Heightened Def Con from 0.00219721 to 0.00219722
Heightened Def Con from 0.00220721 to 0.00220722
Heightened Def Con from 0.00221721 to 0.00221722
Heightened Def Con from 0.00222721 to 0.00222722
Heightened Def Con from 0.00223721 to 0.00223722
Heightened Def Con from 0.00224721 to 0.00224722
Heightened Def Con from 0.00224722 to 0.00224723
Heightened Def Con from 0.00225721 to 0.00225722
Heightened Def Con from 0.00226721 to 0.00226723
Heightened Def Con from 0.00227721 to 0.00227722
Heightened Def Con from 0.00228721 to 0.00228722
Heightened Def Con from 0.00229721 to 0.00229722
Heightened Def Con from 0.00230721 to 0.00230722
Heightened Def Con from 0.00231721 to 0.00231722
Heightened Def Con from 0.00232721 to 0.00232722
Heightened Def Con from 0.00233721 to 0.00233722
Heightened Def Con from 0.00234721 to 0.00234722
Heightened Def Con from 0.00235721 to 0.00235722
Heightened Def Con from 0.00236721 to 0.00236722
Heightened Def Con from 0.00237721 to 0.00237722
Heightened Def Con from 0.00238721 to 0.00238722
Heightened Def Con from 0.00239721 to 0.00239722
Heightened Def Con from 0.00240721 to 0.00240722
Heightened Def Con from 0.00241721 to 0.00241722
Heightened Def Con from 0.00242721 to 0.00242722
Heightened Def Con from 0.00243721 to 0.00243722
Heightened Def Con from 0.00243722 to 0.00243723
Heightened Def Con from 0.00245721 to 0.00245722
Heightened Def Con from 0.00246721 to 0.00246722
Heightened Def Con from 0.00247721 to 0.00247722
Heightened Def Con from 0.0024872 to 0.00248722
Heightened Def Con from 0.00248722 to 0.00248722
Heightened Def Con from 0.0024972 to 0.00249722
Heightened Def Con from 0.00250721 to 0.00250722
Heightened Def Con from 0.00251721 to 0.00251722
Heightened Def Con from 0.00251722 to 0.00251723
Heightened Def Con from 0.00252721 to 0.00252722
Heightened Def Con from 0.00253721 to 0.00253723
Heightened Def Con from 0.0025472 to 0.00254722
Heightened Def Con from 0.00255721 to 0.00255722
Heightened Def Con from 0.00256721 to 0.00256722
Heightened Def Con from 0.00256722 to 0.00256723
Heightened Def Con from 0.00257721 to 0.00257722
Heightened Def Con from 0.00257722 to 0.00257723
Heightened Def Con from 0.00258721 to 0.00258722
Heightened Def Con from 0.00258722 to 0.00258723
Heightened Def Con from 0.00259721 to 0.00259722
Heightened Def Con from 0.00260721 to 0.00260722
Heightened Def Con from 0.00261721 to 0.00261722
Heightened Def Con from 0.00262721 to 0.00262722
Heightened Def Con from 0.00263721 to 0.00263723
Heightened Def Con from 0.00264721 to 0.00264722
Heightened Def Con from 0.00264722 to 0.00264723
Heightened Def Con from 0.00266721 to 0.00266722
Heightened Def Con from 0.0026772 to 0.00267722
Heightened Def Con from 0.00268721 to 0.00268722
Heightened Def Con from 0.00268722 to 0.00268723
Heightened Def Con from 0.00269721 to 0.00269722
Heightened Def Con from 0.00270721 to 0.00270722
Heightened Def Con from 0.00271721 to 0.00271722
Heightened Def Con from 0.00271722 to 0.00271723
Heightened Def Con from 0.00272721 to 0.00272722
Heightened Def Con from 0.00272722 to 0.00272723
Heightened Def Con from 0.00275721 to 0.00275723
Heightened Def Con from 0.0027672 to 0.00276722
Heightened Def Con from 0.00277721 to 0.00277722
Heightened Def Con from 0.00277722 to 0.00277723
Heightened Def Con from 0.00278721 to 0.00278722
Heightened Def Con from 0.00279721 to 0.00279722
Heightened Def Con from 0.00280721 to 0.00280722
Heightened Def Con from 0.00280722 to 0.00280723
Heightened Def Con from 0.00281721 to 0.00281722
Heightened Def Con from 0.00282721 to 0.00282722
Heightened Def Con from 0.00283721 to 0.00283722
Heightened Def Con from 0.00284721 to 0.00284722
Heightened Def Con from 0.00285721 to 0.00285722
Heightened Def Con from 0.00286721 to 0.00286722
Heightened Def Con from 0.00287721 to 0.00287722
Heightened Def Con from 0.00288721 to 0.00288722
Heightened Def Con from 0.00289721 to 0.00289722
Heightened Def Con from 0.00289722 to 0.00289723
Heightened Def Con from 0.00290721 to 0.00290722
Heightened Def Con from 0.00290722 to 0.00290723
Heightened Def Con from 0.00291721 to 0.00291722
Heightened Def Con from 0.00292721 to 0.00292722
Heightened Def Con from 0.00293721 to 0.00293722
Heightened Def Con from 0.0029472 to 0.00294722
Heightened Def Con from 0.0029572 to 0.00295722
Heightened Def Con from 0.00296721 to 0.00296723
Heightened Def Con from 0.00297721 to 0.00297722
Heightened Def Con from 0.00298721 to 0.00298722
Heightened Def Con from 0.0029972 to 0.00299722
Heightened Def Con from 0.00300721 to 0.00300723
Heightened Def Con from 0.0030172 to 0.00301722
Heightened Def Con from 0.00302721 to 0.00302722
Heightened Def Con from 0.0030372 to 0.00303722
Heightened Def Con from 0.00304721 to 0.00304722
Heightened Def Con from 0.00304722 to 0.00304723
Heightened Def Con from 0.0030572 to 0.00305722
Heightened Def Con from 0.00306721 to 0.00306722
Heightened Def Con from 0.00306722 to 0.00306723
Heightened Def Con from 0.0030872 to 0.00308722
Heightened Def Con from 0.00309721 to 0.00309723
Heightened Def Con from 0.00310721 to 0.00310722
Heightened Def Con from 0.00311721 to 0.00311722
Heightened Def Con from 0.00312721 to 0.00312722
Heightened Def Con from 0.00313721 to 0.00313722
Heightened Def Con from 0.00314721 to 0.00314723
Heightened Def Con from 0.00315721 to 0.00315722
Heightened Def Con from 0.00316721 to 0.00316722
Heightened Def Con from 0.00317721 to 0.00317722
Heightened Def Con from 0.00318721 to 0.00318722
Heightened Def Con from 0.00319721 to 0.00319722
Heightened Def Con from 0.00320721 to 0.00320722
Heightened Def Con from 0.00321721 to 0.00321722
Heightened Def Con from 0.00323721 to 0.00323722
Heightened Def Con from 0.00325721 to 0.00325722
Heightened Def Con from 0.0032672 to 0.00326722
Heightened Def Con from 0.00327721 to 0.00327722
Heightened Def Con from 0.00328721 to 0.00328722
Heightened Def Con from 0.00329721 to 0.00329722
Heightened Def Con from 0.00330721 to 0.00330722
Heightened Def Con from 0.00331721 to 0.00331722
Heightened Def Con from 0.00332721 to 0.00332722
Heightened Def Con from 0.00333721 to 0.00333722
Heightened Def Con from 0.00334721 to 0.00334722
Heightened Def Con from 0.00335721 to 0.00335722
Heightened Def Con from 0.0033872 to 0.00338722
Heightened Def Con from 0.00339721 to 0.00339722
Heightened Def Con from 0.00340721 to 0.00340722
Heightened Def Con from 0.0034172 to 0.00341722
Heightened Def Con from 0.00342721 to 0.00342722
Heightened Def Con from 0.00343721 to 0.00343722
Heightened Def Con from 0.00343722 to 0.00343723
Heightened Def Con from 0.00344721 to 0.00344722
Heightened Def Con from 0.00345721 to 0.00345722
Heightened Def Con from 0.00346721 to 0.00346722
Heightened Def Con from 0.00347721 to 0.00347722
Heightened Def Con from 0.00348721 to 0.00348722
Heightened Def Con from 0.0034972 to 0.00349722
Heightened Def Con from 0.00350721 to 0.00350722
Heightened Def Con from 0.00351721 to 0.00351722
Heightened Def Con from 0.0035272 to 0.00352722
Heightened Def Con from 0.00353721 to 0.00353722
Heightened Def Con from 0.00354721 to 0.00354722
Heightened Def Con from 0.00355721 to 0.00355722
Heightened Def Con from 0.00356721 to 0.00356722
Heightened Def Con from 0.00357721 to 0.00357722
Heightened Def Con from 0.00358721 to 0.00358722
Heightened Def Con from 0.00358722 to 0.00358723
Heightened Def Con from 0.0035972 to 0.00359722
Heightened Def Con from 0.00360721 to 0.00360722
Heightened Def Con from 0.00361721 to 0.00361722
Heightened Def Con from 0.00363721 to 0.00363722
Heightened Def Con from 0.0036472 to 0.00364722
Heightened Def Con from 0.00365721 to 0.00365722
Heightened Def Con from 0.0036672 to 0.00366722
Heightened Def Con from 0.00367721 to 0.00367722
Heightened Def Con from 0.00367722 to 0.00367723
Heightened Def Con from 0.00368721 to 0.00368722
Heightened Def Con from 0.00369721 to 0.00369722
Heightened Def Con from 0.0037072 to 0.00370722
Heightened Def Con from 0.00371721 to 0.00371722
Heightened Def Con from 0.0037272 to 0.00372722
Heightened Def Con from 0.00374721 to 0.00374722
Heightened Def Con from 0.00374722 to 0.00374723
Heightened Def Con from 0.00375721 to 0.00375722
Heightened Def Con from 0.00376721 to 0.00376722
Heightened Def Con from 0.00377721 to 0.00377722
Heightened Def Con from 0.00378721 to 0.00378722
Heightened Def Con from 0.00379721 to 0.00379722
Heightened Def Con from 0.00380721 to 0.00380722
Heightened Def Con from 0.00381721 to 0.00381722
Heightened Def Con from 0.00381722 to 0.00381723
Heightened Def Con from 0.0038272 to 0.00382722
Heightened Def Con from 0.00383721 to 0.00383722
Heightened Def Con from 0.0038472 to 0.00384722
Heightened Def Con from 0.00385721 to 0.00385722
Heightened Def Con from 0.00386721 to 0.00386722
Heightened Def Con from 0.00387721 to 0.00387722
Heightened Def Con from 0.00388721 to 0.00388722
Heightened Def Con from 0.00390721 to 0.00390722
Heightened Def Con from 0.00391721 to 0.00391722
Heightened Def Con from 0.00391722 to 0.00391723
Heightened Def Con from 0.00392721 to 0.00392722
Heightened Def Con from 0.00393721 to 0.00393722
Heightened Def Con from 0.0039472 to 0.00394722
Heightened Def Con from 0.00395721 to 0.00395722
Heightened Def Con from 0.00396721 to 0.00396722
Heightened Def Con from 0.00397721 to 0.00397722
Heightened Def Con from 0.00398721 to 0.00398722
Heightened Def Con from 0.00398722 to 0.00398723
Heightened Def Con from 0.00399721 to 0.00399722
Heightened Def Con from 0.00400721 to 0.00400722
Heightened Def Con from 0.00401721 to 0.00401722
Heightened Def Con from 0.00401722 to 0.00401723
Heightened Def Con from 0.00402721 to 0.00402722
Heightened Def Con from 0.00403721 to 0.00403722
Heightened Def Con from 0.00403722 to 0.00403723
Heightened Def Con from 0.00404721 to 0.00404722
Heightened Def Con from 0.00405721 to 0.00405722
Heightened Def Con from 0.00406721 to 0.00406722
Heightened Def Con from 0.00407721 to 0.00407722
Heightened Def Con from 0.00408721 to 0.00408722
Heightened Def Con from 0.00409721 to 0.00409722
Heightened Def Con from 0.00409722 to 0.00409723
Heightened Def Con from 0.00411721 to 0.00411722
Heightened Def Con from 0.00412721 to 0.00412722
Heightened Def Con from 0.00412722 to 0.00412723
Heightened Def Con from 0.00413721 to 0.00413722
Heightened Def Con from 0.00414721 to 0.00414722
Heightened Def Con from 0.00414722 to 0.00414723
Heightened Def Con from 0.00415721 to 0.00415722
Heightened Def Con from 0.00416721 to 0.00416722
Heightened Def Con from 0.00418721 to 0.00418722
Heightened Def Con from 0.00419721 to 0.00419722
Heightened Def Con from 0.00420721 to 0.00420722
Heightened Def Con from 0.00421721 to 0.00421722
Heightened Def Con from 0.00422721 to 0.00422722
Heightened Def Con from 0.0042372 to 0.00423722
Heightened Def Con from 0.00424721 to 0.00424722
Heightened Def Con from 0.00425721 to 0.00425722
Heightened Def Con from 0.00426721 to 0.00426722
Heightened Def Con from 0.00427721 to 0.00427722
Heightened Def Con from 0.00428721 to 0.00428722
Heightened Def Con from 0.00428722 to 0.00428723
Heightened Def Con from 0.00429721 to 0.00429722
Heightened Def Con from 0.00430721 to 0.00430722
Heightened Def Con from 0.00431721 to 0.00431722
Heightened Def Con from 0.00432721 to 0.00432722
Heightened Def Con from 0.00433721 to 0.00433722
Heightened Def Con from 0.00435721 to 0.00435722
Heightened Def Con from 0.00436721 to 0.00436722
Heightened Def Con from 0.00437721 to 0.00437722
Heightened Def Con from 0.00437722 to 0.00437723
Heightened Def Con from 0.00438721 to 0.00438722
Heightened Def Con from 0.00439721 to 0.00439722
Heightened Def Con from 0.00439722 to 0.00439723
Heightened Def Con from 0.00440721 to 0.00440722
Heightened Def Con from 0.00441721 to 0.00441722
Heightened Def Con from 0.00442721 to 0.00442722
Heightened Def Con from 0.0044372 to 0.00443722
Heightened Def Con from 0.00444721 to 0.00444722
Heightened Def Con from 0.00445721 to 0.00445722
Heightened Def Con from 0.00447721 to 0.00447722
Heightened Def Con from 0.00448721 to 0.00448722
Heightened Def Con from 0.00449721 to 0.00449722
Heightened Def Con from 0.00450721 to 0.00450722
Heightened Def Con from 0.00451721 to 0.00451722
Heightened Def Con from 0.0045272 to 0.00452722
Heightened Def Con from 0.00453721 to 0.00453722
Heightened Def Con from 0.00454721 to 0.00454722
Heightened Def Con from 0.00457721 to 0.00457722
Heightened Def Con from 0.00458721 to 0.00458722
Heightened Def Con from 0.00459721 to 0.00459722
Heightened Def Con from 0.00460721 to 0.00460722
Heightened Def Con from 0.00462721 to 0.00462722
Heightened Def Con from 0.00464721 to 0.00464722
Heightened Def Con from 0.00465721 to 0.00465722
Heightened Def Con from 0.00465722 to 0.00465723
Heightened Def Con from 0.00466721 to 0.00466722
Heightened Def Con from 0.00467721 to 0.00467722
Heightened Def Con from 0.00469721 to 0.00469722
Heightened Def Con from 0.00470721 to 0.00470722
Heightened Def Con from 0.00471721 to 0.00471722
Heightened Def Con from 0.00472721 to 0.00472722
Heightened Def Con from 0.0047372 to 0.00473722
Heightened Def Con from 0.00474721 to 0.00474722
Heightened Def Con from 0.00475721 to 0.00475722
Heightened Def Con from 0.00476721 to 0.00476722
Heightened Def Con from 0.00476722 to 0.00476723
Heightened Def Con from 0.00477721 to 0.00477722
Heightened Def Con from 0.00480721 to 0.00480722
Heightened Def Con from 0.00482721 to 0.00482722
Heightened Def Con from 0.00482722 to 0.00482723
Heightened Def Con from 0.00483721 to 0.00483722
Heightened Def Con from 0.0048472 to 0.00484722
Heightened Def Con from 0.00485721 to 0.00485722
Heightened Def Con from 0.00487721 to 0.00487722
Heightened Def Con from 0.00488721 to 0.00488722
Heightened Def Con from 0.00489721 to 0.00489722
Heightened Def Con from 0.00489722 to 0.00489723
Heightened Def Con from 0.00490721 to 0.00490722
Heightened Def Con from 0.00490722 to 0.00490723
Heightened Def Con from 0.00491721 to 0.00491722
Heightened Def Con from 0.00492721 to 0.00492722
Heightened Def Con from 0.0049372 to 0.00493722
Heightened Def Con from 0.00494721 to 0.00494722
Heightened Def Con from 0.00494722 to 0.00494723
Heightened Def Con from 0.00495721 to 0.00495723
Heightened Def Con from 0.00496721 to 0.00496722
Heightened Def Con from 0.00497721 to 0.00497722
Heightened Def Con from 0.00498721 to 0.00498722
Heightened Def Con from 0.00499721 to 0.00499722
Heightened Def Con from 0.00500721 to 0.00500722
Heightened Def Con from 0.00501721 to 0.00501723
Heightened Def Con from 0.00502721 to 0.00502722
Heightened Def Con from 0.00504721 to 0.00504722
Heightened Def Con from 0.00505721 to 0.00505722
Heightened Def Con from 0.0050672 to 0.00506722
Heightened Def Con from 0.00507721 to 0.00507722
Heightened Def Con from 0.00508721 to 0.00508722
Heightened Def Con from 0.00509721 to 0.00509722
Heightened Def Con from 0.00509722 to 0.00509723
Heightened Def Con from 0.00510721 to 0.00510722
Heightened Def Con from 0.00511721 to 0.00511722
Heightened Def Con from 0.0051272 to 0.00512722
Heightened Def Con from 0.0051372 to 0.00513722
Heightened Def Con from 0.00513722 to 0.00513722
Heightened Def Con from 0.00514721 to 0.00514722
Heightened Def Con from 0.00515721 to 0.00515723
Heightened Def Con from 0.00516721 to 0.00516722
Heightened Def Con from 0.00517721 to 0.00517722
Heightened Def Con from 0.00518721 to 0.00518722
Heightened Def Con from 0.00520721 to 0.00520722
Heightened Def Con from 0.00521721 to 0.00521722
Heightened Def Con from 0.00522721 to 0.00522722
Heightened Def Con from 0.00523721 to 0.00523722
Heightened Def Con from 0.00525721 to 0.00525722
Heightened Def Con from 0.00526721 to 0.00526722
Heightened Def Con from 0.00526722 to 0.00526723
Heightened Def Con from 0.00527721 to 0.00527722
Heightened Def Con from 0.00527722 to 0.00527723
Heightened Def Con from 0.00528721 to 0.00528723
Heightened Def Con from 0.00530721 to 0.00530722
Heightened Def Con from 0.00531721 to 0.00531722
Heightened Def Con from 0.0053272 to 0.00532722
Heightened Def Con from 0.00533721 to 0.00533722
Heightened Def Con from 0.00534721 to 0.00534722
Heightened Def Con from 0.0053572 to 0.00535722
Heightened Def Con from 0.00536721 to 0.00536722
Heightened Def Con from 0.00537721 to 0.00537722
Heightened Def Con from 0.00538721 to 0.00538722
Heightened Def Con from 0.00539721 to 0.00539722
Heightened Def Con from 0.00539722 to 0.00539723
Heightened Def Con from 0.00541721 to 0.00541722
Heightened Def Con from 0.00541722 to 0.00541723
Heightened Def Con from 0.0054272 to 0.00542722
Heightened Def Con from 0.00542722 to 0.00542722
Heightened Def Con from 0.00543721 to 0.00543722
Heightened Def Con from 0.00543722 to 0.00543723
Heightened Def Con from 0.00544721 to 0.00544722
Heightened Def Con from 0.00545721 to 0.00545722
Heightened Def Con from 0.00546721 to 0.00546723
Heightened Def Con from 0.00547721 to 0.00547722
Heightened Def Con from 0.00547722 to 0.00547723
Heightened Def Con from 0.00548721 to 0.00548722
Heightened Def Con from 0.00549721 to 0.00549722
Heightened Def Con from 0.00550721 to 0.00550722
Heightened Def Con from 0.00551721 to 0.00551722
Heightened Def Con from 0.00552721 to 0.00552722
Heightened Def Con from 0.00552722 to 0.00552723
Heightened Def Con from 0.0055372 to 0.00553722
Heightened Def Con from 0.00554721 to 0.00554722
Heightened Def Con from 0.00555721 to 0.00555722
Heightened Def Con from 0.00555722 to 0.00555723
Heightened Def Con from 0.00556721 to 0.00556722
Heightened Def Con from 0.00557721 to 0.00557722
Heightened Def Con from 0.0055872 to 0.00558722
Heightened Def Con from 0.00559721 to 0.00559722
Heightened Def Con from 0.0056072 to 0.00560722
Heightened Def Con from 0.00561721 to 0.00561723
Heightened Def Con from 0.00562721 to 0.00562722
Heightened Def Con from 0.00563721 to 0.00563722
Heightened Def Con from 0.00564721 to 0.00564722
Heightened Def Con from 0.00565721 to 0.00565722
Heightened Def Con from 0.0056672 to 0.00566722
Heightened Def Con from 0.00567721 to 0.00567722
Heightened Def Con from 0.00567722 to 0.00567723
Heightened Def Con from 0.00568721 to 0.00568722
Heightened Def Con from 0.00569721 to 0.00569722
Heightened Def Con from 0.00570721 to 0.00570722
Heightened Def Con from 0.00571721 to 0.00571722
Heightened Def Con from 0.00572721 to 0.00572722
Heightened Def Con from 0.00573721 to 0.00573723
Heightened Def Con from 0.0057472 to 0.00574722
Heightened Def Con from 0.00575721 to 0.00575722
Heightened Def Con from 0.00576721 to 0.00576722
Heightened Def Con from 0.00577721 to 0.00577722
Heightened Def Con from 0.00578721 to 0.00578722
Heightened Def Con from 0.0057972 to 0.00579722
Heightened Def Con from 0.00581721 to 0.00581722
Heightened Def Con from 0.00582721 to 0.00582723
Heightened Def Con from 0.0058372 to 0.00583722
Heightened Def Con from 0.00584721 to 0.00584722
Heightened Def Con from 0.00585721 to 0.00585722
Heightened Def Con from 0.00586721 to 0.00586722
Heightened Def Con from 0.00587721 to 0.00587722
Heightened Def Con from 0.00588721 to 0.00588722
Heightened Def Con from 0.0058972 to 0.00589722
Heightened Def Con from 0.00590721 to 0.00590722
Heightened Def Con from 0.00591721 to 0.00591722
Heightened Def Con from 0.00592721 to 0.00592722
Heightened Def Con from 0.0059372 to 0.00593722
Heightened Def Con from 0.00594721 to 0.00594722
Heightened Def Con from 0.00595721 to 0.00595722
Heightened Def Con from 0.00595722 to 0.00595723
Heightened Def Con from 0.00596721 to 0.00596722
Heightened Def Con from 0.00596722 to 0.00596723
Heightened Def Con from 0.00597721 to 0.00597722
Heightened Def Con from 0.00597722 to 0.00597723
Heightened Def Con from 0.00598721 to 0.00598722
Heightened Def Con from 0.00599721 to 0.00599722
Heightened Def Con from 0.00600721 to 0.00600723
Heightened Def Con from 0.00601721 to 0.00601722
Heightened Def Con from 0.00602721 to 0.00602722
Heightened Def Con from 0.00602722 to 0.00602723
Heightened Def Con from 0.00603721 to 0.00603723
Heightened Def Con from 0.00604721 to 0.00604722
Heightened Def Con from 0.00605721 to 0.00605722
Heightened Def Con from 0.00605722 to 0.00605723
Heightened Def Con from 0.00606721 to 0.00606722
Heightened Def Con from 0.00607721 to 0.00607722
Heightened Def Con from 0.00608721 to 0.00608722
Heightened Def Con from 0.00609721 to 0.00609722
Heightened Def Con from 0.00609722 to 0.00609723
Heightened Def Con from 0.00610721 to 0.00610722
Heightened Def Con from 0.00611721 to 0.00611722
Heightened Def Con from 0.00612721 to 0.00612722
Heightened Def Con from 0.0061372 to 0.00613722
Heightened Def Con from 0.00614721 to 0.00614722
Heightened Def Con from 0.00615721 to 0.00615722
Heightened Def Con from 0.00616721 to 0.00616722
Heightened Def Con from 0.00617721 to 0.00617722
Heightened Def Con from 0.0061872 to 0.00618722
Heightened Def Con from 0.00619721 to 0.00619722
Heightened Def Con from 0.00620721 to 0.00620722
Heightened Def Con from 0.00623721 to 0.00623722
Heightened Def Con from 0.00624721 to 0.00624722
Heightened Def Con from 0.00625721 to 0.00625722
Heightened Def Con from 0.00626721 to 0.00626722
Heightened Def Con from 0.00627721 to 0.00627722
Heightened Def Con from 0.00628721 to 0.00628722
Heightened Def Con from 0.00629721 to 0.00629722
Heightened Def Con from 0.00630721 to 0.00630722
Heightened Def Con from 0.00630722 to 0.00630723
Heightened Def Con from 0.00631721 to 0.00631722
Heightened Def Con from 0.00632721 to 0.00632722
Heightened Def Con from 0.00632722 to 0.00632723
Heightened Def Con from 0.00633721 to 0.00633722
Heightened Def Con from 0.00634721 to 0.00634722
Heightened Def Con from 0.00635721 to 0.00635722
Heightened Def Con from 0.00636721 to 0.00636722
Heightened Def Con from 0.00636722 to 0.00636723
Heightened Def Con from 0.00638721 to 0.00638722
Heightened Def Con from 0.0064072 to 0.00640722
Heightened Def Con from 0.00642721 to 0.00642722
Heightened Def Con from 0.00643721 to 0.00643722
Heightened Def Con from 0.00645721 to 0.00645722
Heightened Def Con from 0.00645722 to 0.00645723
Heightened Def Con from 0.00646721 to 0.00646722
Heightened Def Con from 0.0064772 to 0.00647722
Heightened Def Con from 0.00648721 to 0.00648722
Heightened Def Con from 0.00649721 to 0.00649722
Heightened Def Con from 0.00649722 to 0.00649723
Heightened Def Con from 0.0065072 to 0.00650722
Heightened Def Con from 0.00651721 to 0.00651722
Heightened Def Con from 0.00651722 to 0.00651723
Heightened Def Con from 0.00652721 to 0.00652722
Heightened Def Con from 0.0065372 to 0.00653722
Heightened Def Con from 0.0065472 to 0.00654722
Heightened Def Con from 0.00655721 to 0.00655722
Heightened Def Con from 0.00656721 to 0.00656722
Heightened Def Con from 0.00657721 to 0.00657722
Heightened Def Con from 0.00658721 to 0.00658722
Heightened Def Con from 0.00659721 to 0.00659722
Heightened Def Con from 0.00660721 to 0.00660722
Heightened Def Con from 0.00661721 to 0.00661722
Heightened Def Con from 0.0066272 to 0.00662722
Heightened Def Con from 0.00663721 to 0.00663722
Heightened Def Con from 0.00664721 to 0.00664722
Heightened Def Con from 0.00666721 to 0.00666722
Heightened Def Con from 0.00666722 to 0.00666723
Heightened Def Con from 0.0066772 to 0.00667722
Heightened Def Con from 0.00668721 to 0.00668722
Heightened Def Con from 0.00668722 to 0.00668723
Heightened Def Con from 0.00669721 to 0.00669722
Heightened Def Con from 0.00670721 to 0.00670722
Heightened Def Con from 0.00670722 to 0.00670723
Heightened Def Con from 0.00671721 to 0.00671722
Heightened Def Con from 0.00672721 to 0.00672722
Heightened Def Con from 0.00673721 to 0.00673722
Heightened Def Con from 0.00674721 to 0.00674722
Heightened Def Con from 0.00675721 to 0.00675722
Heightened Def Con from 0.00676721 to 0.00676722
Heightened Def Con from 0.00677721 to 0.00677722
Heightened Def Con from 0.0067872 to 0.00678722
Heightened Def Con from 0.0068072 to 0.00680722
Heightened Def Con from 0.00681721 to 0.00681722
Heightened Def Con from 0.00682721 to 0.00682722
Heightened Def Con from 0.00683721 to 0.00683722
Heightened Def Con from 0.00683722 to 0.00683723
Heightened Def Con from 0.00684721 to 0.00684722
Heightened Def Con from 0.00685721 to 0.00685722
Heightened Def Con from 0.00686721 to 0.00686722
Heightened Def Con from 0.00687721 to 0.00687722
Heightened Def Con from 0.00688721 to 0.00688722
Heightened Def Con from 0.0068972 to 0.00689722
Heightened Def Con from 0.00690721 to 0.00690722
Heightened Def Con from 0.00691721 to 0.00691722
Heightened Def Con from 0.0069372 to 0.00693722
Heightened Def Con from 0.00694721 to 0.00694722
Heightened Def Con from 0.00695721 to 0.00695722
Heightened Def Con from 0.00696721 to 0.00696722
Heightened Def Con from 0.00697721 to 0.00697722
Heightened Def Con from 0.00697722 to 0.00697723
Heightened Def Con from 0.00698721 to 0.00698722
Heightened Def Con from 0.00699721 to 0.00699722
Heightened Def Con from 0.00699722 to 0.00699723
Heightened Def Con from 0.00700721 to 0.00700722
Heightened Def Con from 0.0070172 to 0.00701722
Heightened Def Con from 0.00702721 to 0.00702722
Heightened Def Con from 0.00703721 to 0.00703722
Heightened Def Con from 0.00704721 to 0.00704722
Heightened Def Con from 0.00705721 to 0.00705723
Heightened Def Con from 0.00706721 to 0.00706722
Heightened Def Con from 0.00709721 to 0.00709722
Heightened Def Con from 0.00710721 to 0.00710722
Heightened Def Con from 0.00711721 to 0.00711722
Heightened Def Con from 0.00712721 to 0.00712722
Heightened Def Con from 0.0071372 to 0.00713722
Heightened Def Con from 0.00714721 to 0.00714722
Heightened Def Con from 0.00715721 to 0.00715723
Heightened Def Con from 0.0071672 to 0.00716722
Heightened Def Con from 0.00718721 to 0.00718722
Heightened Def Con from 0.00718722 to 0.00718723
Heightened Def Con from 0.00719721 to 0.00719722
Heightened Def Con from 0.00720721 to 0.00720722
Heightened Def Con from 0.00721721 to 0.00721722
Heightened Def Con from 0.00722721 to 0.00722722
Heightened Def Con from 0.00724721 to 0.00724722
Heightened Def Con from 0.00725721 to 0.00725722
Heightened Def Con from 0.0072672 to 0.00726722
Heightened Def Con from 0.00727721 to 0.00727722
Heightened Def Con from 0.00728721 to 0.00728722
Heightened Def Con from 0.00729721 to 0.00729722
Heightened Def Con from 0.00730721 to 0.00730722
Heightened Def Con from 0.00731721 to 0.00731723
Heightened Def Con from 0.00732721 to 0.00732722
Heightened Def Con from 0.00733721 to 0.00733722
Heightened Def Con from 0.00734721 to 0.00734722
Heightened Def Con from 0.00735721 to 0.00735722
Heightened Def Con from 0.0073672 to 0.00736722
Heightened Def Con from 0.0073772 to 0.00737722
Heightened Def Con from 0.00738721 to 0.00738723
Heightened Def Con from 0.0073972 to 0.00739722
Heightened Def Con from 0.00740721 to 0.00740722
Heightened Def Con from 0.00741721 to 0.00741722
Heightened Def Con from 0.00742721 to 0.00742722
Heightened Def Con from 0.00743721 to 0.00743722
Heightened Def Con from 0.00743722 to 0.00743723
Heightened Def Con from 0.00744721 to 0.00744722
Heightened Def Con from 0.00745721 to 0.00745722
Heightened Def Con from 0.00747721 to 0.00747722
Heightened Def Con from 0.00747722 to 0.00747723
Heightened Def Con from 0.00748721 to 0.00748722
Heightened Def Con from 0.00749721 to 0.00749722
Heightened Def Con from 0.00750721 to 0.00750722
Heightened Def Con from 0.00751721 to 0.00751722
Heightened Def Con from 0.00752721 to 0.00752723
Heightened Def Con from 0.00753721 to 0.00753722
Heightened Def Con from 0.00754721 to 0.00754723
Heightened Def Con from 0.00755721 to 0.00755722
Heightened Def Con from 0.0075672 to 0.00756722
Heightened Def Con from 0.0075772 to 0.00757722
Heightened Def Con from 0.00758721 to 0.00758722
Heightened Def Con from 0.00761721 to 0.00761722
Heightened Def Con from 0.0076272 to 0.00762722
Heightened Def Con from 0.00763721 to 0.00763722
Heightened Def Con from 0.0076472 to 0.00764722
Heightened Def Con from 0.00764722 to 0.00764722
Heightened Def Con from 0.00765721 to 0.00765722
Heightened Def Con from 0.00766721 to 0.00766722
Heightened Def Con from 0.00766722 to 0.00766723
Heightened Def Con from 0.0076772 to 0.00767722
Heightened Def Con from 0.00767722 to 0.00767722
Heightened Def Con from 0.00768721 to 0.00768722
Heightened Def Con from 0.00769721 to 0.00769722
Heightened Def Con from 0.00771721 to 0.00771722
Heightened Def Con from 0.00772721 to 0.00772722
Heightened Def Con from 0.00772722 to 0.00772723
Heightened Def Con from 0.00773721 to 0.00773723
Heightened Def Con from 0.00774721 to 0.00774722
Heightened Def Con from 0.00775721 to 0.00775722
Heightened Def Con from 0.00776721 to 0.00776722
Heightened Def Con from 0.00776722 to 0.00776723
Heightened Def Con from 0.00777721 to 0.00777722
Heightened Def Con from 0.00778721 to 0.00778723
Heightened Def Con from 0.00779721 to 0.00779722
Heightened Def Con from 0.00780721 to 0.00780722
Heightened Def Con from 0.00780722 to 0.00780723
Heightened Def Con from 0.00781721 to 0.00781722
Heightened Def Con from 0.00782721 to 0.00782722
Heightened Def Con from 0.0078372 to 0.00783722
Heightened Def Con from 0.00784721 to 0.00784722
Heightened Def Con from 0.00784722 to 0.00784723
Heightened Def Con from 0.00785721 to 0.00785722
Heightened Def Con from 0.00786721 to 0.00786722
Heightened Def Con from 0.00787721 to 0.00787722
Heightened Def Con from 0.00787722 to 0.00787723
Heightened Def Con from 0.00788721 to 0.00788722
Heightened Def Con from 0.00789721 to 0.00789722
Heightened Def Con from 0.00790721 to 0.00790722
Heightened Def Con from 0.00791721 to 0.00791722
Heightened Def Con from 0.00791722 to 0.00791723
Heightened Def Con from 0.0079272 to 0.00792722
Heightened Def Con from 0.00793721 to 0.00793722
Heightened Def Con from 0.0079472 to 0.00794722
Heightened Def Con from 0.00795721 to 0.00795722
Heightened Def Con from 0.00797721 to 0.00797722
Heightened Def Con from 0.00798721 to 0.00798722
Heightened Def Con from 0.00799721 to 0.00799722
Heightened Def Con from 0.00800721 to 0.00800722
Heightened Def Con from 0.00801721 to 0.00801722
Heightened Def Con from 0.00802721 to 0.00802722
Heightened Def Con from 0.00803721 to 0.00803722
Heightened Def Con from 0.00803722 to 0.00803723
Heightened Def Con from 0.00804721 to 0.00804722
Heightened Def Con from 0.00804722 to 0.00804723
Heightened Def Con from 0.00805721 to 0.00805722
Heightened Def Con from 0.00806721 to 0.00806722
Heightened Def Con from 0.00807722 to 0.00807723
Heightened Def Con from 0.00808721 to 0.00808722
Heightened Def Con from 0.00809721 to 0.00809722
Heightened Def Con from 0.00810721 to 0.00810722
Heightened Def Con from 0.00810722 to 0.00810723
Heightened Def Con from 0.00811721 to 0.00811722
Heightened Def Con from 0.00812721 to 0.00812722
Heightened Def Con from 0.00813721 to 0.00813722
Heightened Def Con from 0.0081472 to 0.00814722
Heightened Def Con from 0.00815721 to 0.00815722
Heightened Def Con from 0.00816721 to 0.00816722
Heightened Def Con from 0.00817721 to 0.00817722
Heightened Def Con from 0.00817722 to 0.00817723
Heightened Def Con from 0.00818721 to 0.00818722
Heightened Def Con from 0.00819721 to 0.00819722
Heightened Def Con from 0.00820721 to 0.00820722
Heightened Def Con from 0.00821721 to 0.00821722
Heightened Def Con from 0.00821722 to 0.00821723
Heightened Def Con from 0.00822721 to 0.00822722
Heightened Def Con from 0.00823721 to 0.00823722
Heightened Def Con from 0.00823722 to 0.00823723
Heightened Def Con from 0.00824721 to 0.00824722
Heightened Def Con from 0.00825721 to 0.00825722
Heightened Def Con from 0.00826721 to 0.00826722
Heightened Def Con from 0.00826722 to 0.00826723
Heightened Def Con from 0.0082772 to 0.00827722
Heightened Def Con from 0.00828721 to 0.00828722
Heightened Def Con from 0.00829721 to 0.00829722
Heightened Def Con from 0.00829722 to 0.00829723
Heightened Def Con from 0.00830721 to 0.00830722
Heightened Def Con from 0.00831721 to 0.00831722
Heightened Def Con from 0.00831722 to 0.00831723
Heightened Def Con from 0.0083272 to 0.00832722
Heightened Def Con from 0.00833721 to 0.00833722
Heightened Def Con from 0.00834721 to 0.00834722
Heightened Def Con from 0.0083572 to 0.00835722
Heightened Def Con from 0.0083672 to 0.00836722
Heightened Def Con from 0.00837721 to 0.00837722
Heightened Def Con from 0.00838721 to 0.00838722
Heightened Def Con from 0.00839721 to 0.00839722
Heightened Def Con from 0.00840721 to 0.00840722
Heightened Def Con from 0.00841721 to 0.00841722
Heightened Def Con from 0.00842721 to 0.00842723
Heightened Def Con from 0.00843721 to 0.00843722
Heightened Def Con from 0.00844721 to 0.00844722
Heightened Def Con from 0.00844722 to 0.00844723
Heightened Def Con from 0.00845721 to 0.00845722
Heightened Def Con from 0.00846721 to 0.00846722
Heightened Def Con from 0.00846722 to 0.00846723
Heightened Def Con from 0.00847721 to 0.00847722
Heightened Def Con from 0.00848721 to 0.00848722
Heightened Def Con from 0.00849721 to 0.00849722
Heightened Def Con from 0.00850721 to 0.00850722
Heightened Def Con from 0.00851721 to 0.00851722
Heightened Def Con from 0.00852721 to 0.00852722
Heightened Def Con from 0.00853721 to 0.00853722
Heightened Def Con from 0.00854721 to 0.00854722
Heightened Def Con from 0.00855721 to 0.00855722
Heightened Def Con from 0.00855722 to 0.00855723
Heightened Def Con from 0.00856721 to 0.00856722
Heightened Def Con from 0.00857721 to 0.00857722
Heightened Def Con from 0.00857722 to 0.00857723
Heightened Def Con from 0.00859721 to 0.00859722
Heightened Def Con from 0.00859722 to 0.00859723
Heightened Def Con from 0.0086072 to 0.00860722
Heightened Def Con from 0.00861721 to 0.00861722
Heightened Def Con from 0.00862721 to 0.00862722
Heightened Def Con from 0.00863721 to 0.00863722
Heightened Def Con from 0.00864721 to 0.00864722
Heightened Def Con from 0.00865721 to 0.00865722
Heightened Def Con from 0.00865722 to 0.00865723
Heightened Def Con from 0.00866721 to 0.00866722
Heightened Def Con from 0.00867721 to 0.00867722
Heightened Def Con from 0.00868721 to 0.00868722
Heightened Def Con from 0.0086972 to 0.00869722
Heightened Def Con from 0.00870721 to 0.00870722
Heightened Def Con from 0.00871721 to 0.00871722
Heightened Def Con from 0.00873721 to 0.00873722
Heightened Def Con from 0.00874721 to 0.00874722
Heightened Def Con from 0.00875721 to 0.00875722
Heightened Def Con from 0.00876721 to 0.00876722
Heightened Def Con from 0.00877721 to 0.00877722
Heightened Def Con from 0.00878721 to 0.00878722
Heightened Def Con from 0.00879721 to 0.00879722
Heightened Def Con from 0.00879722 to 0.00879723
Heightened Def Con from 0.00881721 to 0.00881722
Heightened Def Con from 0.00881722 to 0.00881723
Heightened Def Con from 0.00882721 to 0.00882722
Heightened Def Con from 0.00883721 to 0.00883722
Heightened Def Con from 0.00883722 to 0.00883723
Heightened Def Con from 0.00884721 to 0.00884722
Heightened Def Con from 0.00885721 to 0.00885722
Heightened Def Con from 0.0088672 to 0.00886722
Heightened Def Con from 0.00888721 to 0.00888722
Heightened Def Con from 0.00889721 to 0.00889722
Heightened Def Con from 0.00889722 to 0.00889723
Heightened Def Con from 0.00890721 to 0.00890722
Heightened Def Con from 0.00892721 to 0.00892722
Heightened Def Con from 0.00893721 to 0.00893722
Heightened Def Con from 0.00894721 to 0.00894722
Heightened Def Con from 0.00895721 to 0.00895722
Heightened Def Con from 0.00896721 to 0.00896723
Heightened Def Con from 0.00897721 to 0.00897722
Heightened Def Con from 0.00898721 to 0.00898722
Heightened Def Con from 0.00899721 to 0.00899722
Heightened Def Con from 0.00900721 to 0.00900722
Heightened Def Con from 0.00900722 to 0.00900723
Heightened Def Con from 0.00901721 to 0.00901722
Heightened Def Con from 0.00901722 to 0.00901723
Heightened Def Con from 0.00902721 to 0.00902722
Heightened Def Con from 0.00902722 to 0.00902723
Heightened Def Con from 0.00903721 to 0.00903722
Heightened Def Con from 0.00903722 to 0.00903723
Heightened Def Con from 0.00904721 to 0.00904723
Heightened Def Con from 0.00905721 to 0.00905722
Heightened Def Con from 0.00905722 to 0.00905723
Heightened Def Con from 0.00906721 to 0.00906722
Heightened Def Con from 0.00907721 to 0.00907722
Heightened Def Con from 0.00908721 to 0.00908722
Heightened Def Con from 0.00909721 to 0.00909722
Heightened Def Con from 0.00910721 to 0.00910722
Heightened Def Con from 0.00911721 to 0.00911722
Heightened Def Con from 0.00912721 to 0.00912722
Heightened Def Con from 0.00913721 to 0.00913722
Heightened Def Con from 0.00913722 to 0.00913723
Heightened Def Con from 0.0091472 to 0.00914722
Heightened Def Con from 0.00915721 to 0.00915722
Heightened Def Con from 0.00916721 to 0.00916723
Heightened Def Con from 0.00917721 to 0.00917722
Heightened Def Con from 0.00918721 to 0.00918722
Heightened Def Con from 0.00919721 to 0.00919723
Heightened Def Con from 0.00920721 to 0.00920722
Heightened Def Con from 0.00921721 to 0.00921722
Heightened Def Con from 0.0092372 to 0.00923722
Heightened Def Con from 0.00923722 to 0.00923722
Heightened Def Con from 0.00924721 to 0.00924722
Heightened Def Con from 0.00925721 to 0.00925722
Heightened Def Con from 0.00926721 to 0.00926722
Heightened Def Con from 0.00926722 to 0.00926723
Heightened Def Con from 0.00927721 to 0.00927722
Heightened Def Con from 0.00928721 to 0.00928722
Heightened Def Con from 0.00928722 to 0.00928723
Heightened Def Con from 0.00929721 to 0.00929722
Heightened Def Con from 0.00930721 to 0.00930722
Heightened Def Con from 0.00931721 to 0.00931722
Heightened Def Con from 0.00932721 to 0.00932722
Heightened Def Con from 0.00933721 to 0.00933723
Heightened Def Con from 0.00934721 to 0.00934723
Heightened Def Con from 0.00935721 to 0.00935722
Heightened Def Con from 0.00935722 to 0.00935723
Heightened Def Con from 0.00936721 to 0.00936722
Heightened Def Con from 0.00937721 to 0.00937722
Heightened Def Con from 0.00938721 to 0.00938722
Heightened Def Con from 0.00939721 to 0.00939722
Heightened Def Con from 0.0094072 to 0.00940722
Heightened Def Con from 0.00941721 to 0.00941723
Heightened Def Con from 0.00942721 to 0.00942722
Heightened Def Con from 0.00942722 to 0.00942723
Heightened Def Con from 0.00944721 to 0.00944722
Heightened Def Con from 0.00944722 to 0.00944723
Heightened Def Con from 0.00945721 to 0.00945722
Heightened Def Con from 0.00946721 to 0.00946722
Heightened Def Con from 0.0094772 to 0.00947722
Heightened Def Con from 0.00948721 to 0.00948722
Heightened Def Con from 0.0094972 to 0.00949722
Heightened Def Con from 0.00950721 to 0.00950722
Heightened Def Con from 0.00950722 to 0.00950723
Heightened Def Con from 0.00951721 to 0.00951722
Heightened Def Con from 0.00952721 to 0.00952722
Heightened Def Con from 0.00953721 to 0.00953722
Heightened Def Con from 0.00954721 to 0.00954722
Heightened Def Con from 0.00955721 to 0.00955722
Heightened Def Con from 0.00956721 to 0.00956722
Heightened Def Con from 0.00957721 to 0.00957722
Heightened Def Con from 0.00957722 to 0.00957723
Heightened Def Con from 0.00958721 to 0.00958722
Heightened Def Con from 0.00959721 to 0.00959722
Heightened Def Con from 0.00959722 to 0.00959723
Heightened Def Con from 0.00960721 to 0.00960723
Heightened Def Con from 0.00961721 to 0.00961722
Heightened Def Con from 0.00962721 to 0.00962722
Heightened Def Con from 0.00962722 to 0.00962723
Heightened Def Con from 0.00963721 to 0.00963723
Heightened Def Con from 0.00964721 to 0.00964722
Heightened Def Con from 0.00965721 to 0.00965722
Heightened Def Con from 0.00966721 to 0.00966722
Heightened Def Con from 0.00967721 to 0.00967722
Heightened Def Con from 0.00968721 to 0.00968722
Heightened Def Con from 0.00969721 to 0.00969723
Heightened Def Con from 0.00970721 to 0.00970722
Heightened Def Con from 0.00971721 to 0.00971722
Heightened Def Con from 0.00972721 to 0.00972722
Heightened Def Con from 0.00973721 to 0.00973722
Heightened Def Con from 0.00973722 to 0.00973723
Heightened Def Con from 0.00974721 to 0.00974722
Heightened Def Con from 0.00974722 to 0.00974723
Heightened Def Con from 0.00975721 to 0.00975722
Heightened Def Con from 0.00976721 to 0.00976722
Heightened Def Con from 0.00977721 to 0.00977722
Heightened Def Con from 0.00978721 to 0.00978723
Heightened Def Con from 0.00979721 to 0.00979722
Heightened Def Con from 0.00980721 to 0.00980722
Heightened Def Con from 0.00980722 to 0.00980723
Heightened Def Con from 0.00981721 to 0.00981723
Heightened Def Con from 0.0098372 to 0.00983722
Heightened Def Con from 0.00984721 to 0.00984722
Heightened Def Con from 0.00984722 to 0.00984723
Heightened Def Con from 0.00985721 to 0.00985722
Heightened Def Con from 0.00986721 to 0.00986722
Heightened Def Con from 0.00987721 to 0.00987722
Heightened Def Con from 0.00988721 to 0.00988723
Heightened Def Con from 0.00989721 to 0.00989722
Heightened Def Con from 0.00989722 to 0.00989723
Heightened Def Con from 0.00990721 to 0.00990722
Heightened Def Con from 0.00991721 to 0.00991722
Heightened Def Con from 0.00992721 to 0.00992722
Heightened Def Con from 0.00993721 to 0.00993722
Heightened Def Con from 0.00993722 to 0.00993723
Heightened Def Con from 0.0099472 to 0.00994722
Heightened Def Con from 0.00995721 to 0.00995722
Heightened Def Con from 0.00995722 to 0.00995723
Heightened Def Con from 0.00996721 to 0.00996723
Heightened Def Con from 0.00997721 to 0.00997722
Heightened Def Con from 0.00998721 to 0.00998722
Heightened Def Con from 0.00999721 to 0.00999722
Heightened Def Con from 0.0100072 to 0.0100072
Heightened Def Con from 0.0100172 to 0.0100172
Heightened Def Con from 0.0100272 to 0.0100272
Heightened Def Con from 0.0100372 to 0.0100372
Heightened Def Con from 0.0100472 to 0.0100472
Heightened Def Con from 0.0100572 to 0.0100572
Heightened Def Con from 0.0100672 to 0.0100672
Heightened Def Con from 0.0100772 to 0.0100772
Heightened Def Con from 0.0100872 to 0.0100872
Heightened Def Con from 0.0100972 to 0.0100972
Heightened Def Con from 0.0101072 to 0.0101072
Heightened Def Con from 0.0101172 to 0.0101172
Heightened Def Con from 0.0101272 to 0.0101272
Heightened Def Con from 0.0101372 to 0.0101372
Heightened Def Con from 0.0101472 to 0.0101472
Heightened Def Con from 0.0101572 to 0.0101572
Heightened Def Con from 0.0101672 to 0.0101672
Heightened Def Con from 0.0101672 to 0.0101672
Heightened Def Con from 0.0101772 to 0.0101772
Heightened Def Con from 0.0101772 to 0.0101772
Heightened Def Con from 0.0101872 to 0.0101872
Heightened Def Con from 0.0101972 to 0.0101972
Heightened Def Con from 0.0101972 to 0.0101972
Heightened Def Con from 0.0102072 to 0.0102072
Heightened Def Con from 0.0102172 to 0.0102172
Heightened Def Con from 0.0102272 to 0.0102272
Heightened Def Con from 0.0102372 to 0.0102372
Heightened Def Con from 0.0102472 to 0.0102472
Heightened Def Con from 0.0102572 to 0.0102572
Heightened Def Con from 0.0102672 to 0.0102672
Heightened Def Con from 0.0102772 to 0.0102772
Heightened Def Con from 0.0102872 to 0.0102872
Heightened Def Con from 0.0103072 to 0.0103072
Heightened Def Con from 0.0103172 to 0.0103172
Heightened Def Con from 0.0103272 to 0.0103272
Heightened Def Con from 0.0103372 to 0.0103372
Heightened Def Con from 0.0103472 to 0.0103472
Heightened Def Con from 0.0103572 to 0.0103572
Heightened Def Con from 0.0103572 to 0.0103572
Heightened Def Con from 0.0103672 to 0.0103672
Heightened Def Con from 0.0103772 to 0.0103772
Heightened Def Con from 0.0103872 to 0.0103872
Heightened Def Con from 0.0103972 to 0.0103972
Heightened Def Con from 0.0103972 to 0.0103972
Heightened Def Con from 0.0104072 to 0.0104072
Heightened Def Con from 0.0104072 to 0.0104072
Heightened Def Con from 0.0104172 to 0.0104172
Heightened Def Con from 0.0104272 to 0.0104272
Heightened Def Con from 0.0104372 to 0.0104372
Heightened Def Con from 0.0104472 to 0.0104472
Heightened Def Con from 0.0104572 to 0.0104572
Heightened Def Con from 0.0104672 to 0.0104672
Heightened Def Con from 0.0104772 to 0.0104772
Heightened Def Con from 0.0104972 to 0.0104972
Heightened Def Con from 0.0104972 to 0.0104972
Heightened Def Con from 0.0105072 to 0.0105072
Heightened Def Con from 0.0105172 to 0.0105172
Heightened Def Con from 0.0105172 to 0.0105172
Heightened Def Con from 0.0105372 to 0.0105372
Heightened Def Con from 0.0105472 to 0.0105472
Heightened Def Con from 0.0105472 to 0.0105472
Heightened Def Con from 0.0105572 to 0.0105572
Heightened Def Con from 0.0105672 to 0.0105672
Heightened Def Con from 0.0105772 to 0.0105772
Heightened Def Con from 0.0105872 to 0.0105872
Heightened Def Con from 0.0105972 to 0.0105972
Heightened Def Con from 0.0106072 to 0.0106072
Heightened Def Con from 0.0106172 to 0.0106172
Heightened Def Con from 0.0106272 to 0.0106272
Heightened Def Con from 0.0106372 to 0.0106372
Heightened Def Con from 0.0106472 to 0.0106472
Heightened Def Con from 0.0106572 to 0.0106572
Heightened Def Con from 0.0106672 to 0.0106672
Heightened Def Con from 0.0106772 to 0.0106772
Heightened Def Con from 0.0106872 to 0.0106872
Heightened Def Con from 0.0106972 to 0.0106972
Heightened Def Con from 0.0107272 to 0.0107272
Heightened Def Con from 0.0107372 to 0.0107372
Heightened Def Con from 0.0107572 to 0.0107572
Heightened Def Con from 0.0107672 to 0.0107672
Heightened Def Con from 0.0107772 to 0.0107772
Heightened Def Con from 0.0107872 to 0.0107872
Heightened Def Con from 0.0107872 to 0.0107872
Heightened Def Con from 0.0107972 to 0.0107972
Heightened Def Con from 0.0107972 to 0.0107972
Heightened Def Con from 0.0108072 to 0.0108072
Heightened Def Con from 0.0108172 to 0.0108172
Heightened Def Con from 0.0108372 to 0.0108372
Heightened Def Con from 0.0108472 to 0.0108472
Heightened Def Con from 0.0108572 to 0.0108572
Heightened Def Con from 0.0108672 to 0.0108672
Heightened Def Con from 0.0108772 to 0.0108772
Heightened Def Con from 0.0108872 to 0.0108872
Heightened Def Con from 0.0108972 to 0.0108972
Heightened Def Con from 0.0109072 to 0.0109072
Heightened Def Con from 0.0109172 to 0.0109172
Heightened Def Con from 0.0109272 to 0.0109272
Heightened Def Con from 0.0109372 to 0.0109372
Heightened Def Con from 0.0109472 to 0.0109472
Heightened Def Con from 0.0109572 to 0.0109572
Heightened Def Con from 0.0109672 to 0.0109672
Heightened Def Con from 0.0109772 to 0.0109772
Heightened Def Con from 0.0109872 to 0.0109872
Heightened Def Con from 0.0109972 to 0.0109972
Heightened Def Con from 0.0110072 to 0.0110072
Heightened Def Con from 0.0110172 to 0.0110172
Heightened Def Con from 0.0110172 to 0.0110172
Heightened Def Con from 0.0110272 to 0.0110272
Heightened Def Con from 0.0110372 to 0.0110372
Heightened Def Con from 0.0110472 to 0.0110472
Heightened Def Con from 0.0110572 to 0.0110572
Heightened Def Con from 0.0110572 to 0.0110572
Heightened Def Con from 0.0110672 to 0.0110672
Heightened Def Con from 0.0110772 to 0.0110772
Heightened Def Con from 0.0110872 to 0.0110872
Heightened Def Con from 0.0110972 to 0.0110972
Heightened Def Con from 0.0111072 to 0.0111072
Heightened Def Con from 0.0111172 to 0.0111172
Heightened Def Con from 0.0111272 to 0.0111272
Heightened Def Con from 0.0111372 to 0.0111372
Heightened Def Con from 0.0111472 to 0.0111472
Heightened Def Con from 0.0111572 to 0.0111572
Heightened Def Con from 0.0111672 to 0.0111672
Heightened Def Con from 0.0111772 to 0.0111772
Heightened Def Con from 0.0111772 to 0.0111772
Heightened Def Con from 0.0111872 to 0.0111872
Heightened Def Con from 0.0111972 to 0.0111972
Heightened Def Con from 0.0112072 to 0.0112072
Heightened Def Con from 0.0112172 to 0.0112172
Heightened Def Con from 0.0112272 to 0.0112272
Heightened Def Con from 0.0112372 to 0.0112372
Heightened Def Con from 0.0112472 to 0.0112472
Heightened Def Con from 0.0112572 to 0.0112572
Heightened Def Con from 0.0112672 to 0.0112672
Heightened Def Con from 0.0112772 to 0.0112772
Heightened Def Con from 0.0112772 to 0.0112772
Heightened Def Con from 0.0112872 to 0.0112872
Heightened Def Con from 0.0112972 to 0.0112972
Heightened Def Con from 0.0113072 to 0.0113072
Heightened Def Con from 0.0113172 to 0.0113172
Heightened Def Con from 0.0113272 to 0.0113272
Heightened Def Con from 0.0113372 to 0.0113372
Heightened Def Con from 0.0113372 to 0.0113372
Heightened Def Con from 0.0113472 to 0.0113472
Heightened Def Con from 0.0113572 to 0.0113572
Heightened Def Con from 0.0113672 to 0.0113672
Heightened Def Con from 0.0113772 to 0.0113772
Heightened Def Con from 0.0113872 to 0.0113872
Heightened Def Con from 0.0113972 to 0.0113972
Heightened Def Con from 0.0114072 to 0.0114072
Heightened Def Con from 0.0114172 to 0.0114172
Heightened Def Con from 0.0114272 to 0.0114272
Heightened Def Con from 0.0114372 to 0.0114372
Heightened Def Con from 0.0114472 to 0.0114472
Heightened Def Con from 0.0114572 to 0.0114572
Heightened Def Con from 0.0114672 to 0.0114672
Heightened Def Con from 0.0114772 to 0.0114772
Heightened Def Con from 0.0114772 to 0.0114772
Heightened Def Con from 0.0114872 to 0.0114872
Heightened Def Con from 0.0114972 to 0.0114972
Heightened Def Con from 0.0115172 to 0.0115172
Heightened Def Con from 0.0115272 to 0.0115272
Heightened Def Con from 0.0115272 to 0.0115272
Heightened Def Con from 0.0115472 to 0.0115472
Heightened Def Con from 0.0115572 to 0.0115572
Heightened Def Con from 0.0115572 to 0.0115572
Heightened Def Con from 0.0115672 to 0.0115672
Heightened Def Con from 0.0115672 to 0.0115672
Heightened Def Con from 0.0115772 to 0.0115772
Heightened Def Con from 0.0115772 to 0.0115772
Heightened Def Con from 0.0115872 to 0.0115872
Heightened Def Con from 0.0115972 to 0.0115972
Heightened Def Con from 0.0116072 to 0.0116072
Heightened Def Con from 0.0116172 to 0.0116172
Heightened Def Con from 0.0116272 to 0.0116272
Heightened Def Con from 0.0116372 to 0.0116372
Heightened Def Con from 0.0116472 to 0.0116472
Heightened Def Con from 0.0116672 to 0.0116672
Heightened Def Con from 0.0116772 to 0.0116772
Heightened Def Con from 0.0116872 to 0.0116872
Heightened Def Con from 0.0116972 to 0.0116972
Heightened Def Con from 0.0117072 to 0.0117072
Heightened Def Con from 0.0117172 to 0.0117172
Heightened Def Con from 0.0117272 to 0.0117272
Heightened Def Con from 0.0117372 to 0.0117372
Heightened Def Con from 0.0117472 to 0.0117472
Heightened Def Con from 0.0117572 to 0.0117572
Heightened Def Con from 0.0117572 to 0.0117572
Heightened Def Con from 0.0117672 to 0.0117672
Heightened Def Con from 0.0117772 to 0.0117772
Heightened Def Con from 0.0117772 to 0.0117772
Heightened Def Con from 0.0117872 to 0.0117872
Heightened Def Con from 0.0117872 to 0.0117872
Heightened Def Con from 0.0117972 to 0.0117972
Heightened Def Con from 0.0118072 to 0.0118072
Heightened Def Con from 0.0118072 to 0.0118072
Heightened Def Con from 0.0118172 to 0.0118172
Heightened Def Con from 0.0118272 to 0.0118272
Heightened Def Con from 0.0118372 to 0.0118372
Heightened Def Con from 0.0118472 to 0.0118472
Heightened Def Con from 0.0118472 to 0.0118472
Heightened Def Con from 0.0118572 to 0.0118572
Heightened Def Con from 0.0118572 to 0.0118572
Heightened Def Con from 0.0118772 to 0.0118772
Heightened Def Con from 0.0118872 to 0.0118872
Heightened Def Con from 0.0118872 to 0.0118872
Heightened Def Con from 0.0118972 to 0.0118972
Heightened Def Con from 0.0119072 to 0.0119072
Heightened Def Con from 0.0119172 to 0.0119172
Heightened Def Con from 0.0119272 to 0.0119272
Heightened Def Con from 0.0119372 to 0.0119372
Heightened Def Con from 0.0119472 to 0.0119472
Heightened Def Con from 0.0119672 to 0.0119672
Heightened Def Con from 0.0119772 to 0.0119772
Heightened Def Con from 0.0119872 to 0.0119872
Heightened Def Con from 0.0119972 to 0.0119972
Heightened Def Con from 0.0120072 to 0.0120072
Heightened Def Con from 0.0120072 to 0.0120072
Heightened Def Con from 0.0120172 to 0.0120172
Heightened Def Con from 0.0120272 to 0.0120272
Heightened Def Con from 0.0120372 to 0.0120372
Heightened Def Con from 0.0120472 to 0.0120472
Heightened Def Con from 0.0120672 to 0.0120672
Heightened Def Con from 0.0120772 to 0.0120772
Heightened Def Con from 0.0120772 to 0.0120772
Heightened Def Con from 0.0120972 to 0.0120972
Heightened Def Con from 0.0121072 to 0.0121072
Heightened Def Con from 0.0121172 to 0.0121172
Heightened Def Con from 0.0121172 to 0.0121172
Heightened Def Con from 0.0121272 to 0.0121272
Heightened Def Con from 0.0121372 to 0.0121372
Heightened Def Con from 0.0121372 to 0.0121372
Heightened Def Con from 0.0121472 to 0.0121472
Heightened Def Con from 0.0121572 to 0.0121572
Heightened Def Con from 0.0121672 to 0.0121672
Heightened Def Con from 0.0121772 to 0.0121772
Heightened Def Con from 0.0121872 to 0.0121872
Heightened Def Con from 0.0121872 to 0.0121872
Heightened Def Con from 0.0121972 to 0.0121972
Heightened Def Con from 0.0121972 to 0.0121972
Heightened Def Con from 0.0122072 to 0.0122072
Heightened Def Con from 0.0122072 to 0.0122072
Heightened Def Con from 0.0122272 to 0.0122272
Heightened Def Con from 0.0122372 to 0.0122372
Heightened Def Con from 0.0122472 to 0.0122472
Heightened Def Con from 0.0122472 to 0.0122472
Heightened Def Con from 0.0122572 to 0.0122572
Heightened Def Con from 0.0122672 to 0.0122672
Heightened Def Con from 0.0122772 to 0.0122772
Heightened Def Con from 0.0122872 to 0.0122872
Heightened Def Con from 0.0122972 to 0.0122972
Heightened Def Con from 0.0122972 to 0.0122972
Heightened Def Con from 0.0123072 to 0.0123072
Heightened Def Con from 0.0123072 to 0.0123072
Heightened Def Con from 0.0123172 to 0.0123172
Heightened Def Con from 0.0123272 to 0.0123272
Heightened Def Con from 0.0123372 to 0.0123372
Heightened Def Con from 0.0123572 to 0.0123572
Heightened Def Con from 0.0123672 to 0.0123672
Heightened Def Con from 0.0123772 to 0.0123772
Heightened Def Con from 0.0123772 to 0.0123772
Heightened Def Con from 0.0123872 to 0.0123872
Heightened Def Con from 0.0123972 to 0.0123972
Heightened Def Con from 0.0123972 to 0.0123972
Heightened Def Con from 0.0124072 to 0.0124072
Heightened Def Con from 0.0124172 to 0.0124172
Heightened Def Con from 0.0124272 to 0.0124272
Heightened Def Con from 0.0124372 to 0.0124372
Heightened Def Con from 0.0124472 to 0.0124472
Heightened Def Con from 0.0124572 to 0.0124572
Heightened Def Con from 0.0124672 to 0.0124672
Heightened Def Con from 0.0124772 to 0.0124772
Heightened Def Con from 0.0124872 to 0.0124872
Heightened Def Con from 0.0124972 to 0.0124972
Heightened Def Con from 0.0125072 to 0.0125072
Heightened Def Con from 0.0125172 to 0.0125172
Heightened Def Con from 0.0125272 to 0.0125272
Heightened Def Con from 0.0125372 to 0.0125372
Heightened Def Con from 0.0125472 to 0.0125472
Heightened Def Con from 0.0125572 to 0.0125572
Heightened Def Con from 0.0125672 to 0.0125672
Heightened Def Con from 0.0125672 to 0.0125672
Heightened Def Con from 0.0125772 to 0.0125772
Heightened Def Con from 0.0125872 to 0.0125872
Heightened Def Con from 0.0125972 to 0.0125972
Heightened Def Con from 0.0126072 to 0.0126072
Heightened Def Con from 0.0126172 to 0.0126172
Heightened Def Con from 0.0126372 to 0.0126372
Heightened Def Con from 0.0126472 to 0.0126472
Heightened Def Con from 0.0126572 to 0.0126572
Heightened Def Con from 0.0126672 to 0.0126672
Heightened Def Con from 0.0126772 to 0.0126772
Heightened Def Con from 0.0126872 to 0.0126872
Heightened Def Con from 0.0126972 to 0.0126972
Heightened Def Con from 0.0127072 to 0.0127072
Heightened Def Con from 0.0127172 to 0.0127172
Heightened Def Con from 0.0127272 to 0.0127272
Heightened Def Con from 0.0127372 to 0.0127372
Heightened Def Con from 0.0127472 to 0.0127472
Heightened Def Con from 0.0127572 to 0.0127572
Heightened Def Con from 0.0127672 to 0.0127672
Heightened Def Con from 0.0127672 to 0.0127672
Heightened Def Con from 0.0127772 to 0.0127772
Heightened Def Con from 0.0127772 to 0.0127772
Heightened Def Con from 0.0127872 to 0.0127872
Heightened Def Con from 0.0127972 to 0.0127972
Heightened Def Con from 0.0128072 to 0.0128072
Heightened Def Con from 0.0128172 to 0.0128172
Heightened Def Con from 0.0128272 to 0.0128272
Heightened Def Con from 0.0128372 to 0.0128372
Heightened Def Con from 0.0128572 to 0.0128572
Heightened Def Con from 0.0128672 to 0.0128672
Heightened Def Con from 0.0128772 to 0.0128772
Heightened Def Con from 0.0128872 to 0.0128872
Heightened Def Con from 0.0128972 to 0.0128972
Heightened Def Con from 0.0128972 to 0.0128972
Heightened Def Con from 0.0129072 to 0.0129072
Heightened Def Con from 0.0129172 to 0.0129172
Heightened Def Con from 0.0129272 to 0.0129272
Heightened Def Con from 0.0129372 to 0.0129372
Heightened Def Con from 0.0129472 to 0.0129472
Heightened Def Con from 0.0129572 to 0.0129572
Heightened Def Con from 0.0129672 to 0.0129672
Heightened Def Con from 0.0129772 to 0.0129772
Heightened Def Con from 0.0129872 to 0.0129872
Heightened Def Con from 0.0129972 to 0.0129972
Heightened Def Con from 0.0130072 to 0.0130072
Heightened Def Con from 0.0130072 to 0.0130072
Heightened Def Con from 0.0130172 to 0.0130172
Heightened Def Con from 0.0130272 to 0.0130272
Heightened Def Con from 0.0130372 to 0.0130372
Heightened Def Con from 0.0130472 to 0.0130472
Heightened Def Con from 0.0130572 to 0.0130572
Heightened Def Con from 0.0130672 to 0.0130672
Heightened Def Con from 0.0130772 to 0.0130772
Heightened Def Con from 0.0130872 to 0.0130872
Heightened Def Con from 0.0130972 to 0.0130972
Heightened Def Con from 0.0131072 to 0.0131072
Heightened Def Con from 0.0131172 to 0.0131172
Heightened Def Con from 0.0131272 to 0.0131272
Heightened Def Con from 0.0131372 to 0.0131372
Heightened Def Con from 0.0131472 to 0.0131472
Heightened Def Con from 0.0131572 to 0.0131572
Heightened Def Con from 0.0131672 to 0.0131672
Heightened Def Con from 0.0131772 to 0.0131772
Heightened Def Con from 0.0131872 to 0.0131872
Heightened Def Con from 0.0131972 to 0.0131972
Heightened Def Con from 0.0132072 to 0.0132072
Heightened Def Con from 0.0132172 to 0.0132172
Heightened Def Con from 0.0132272 to 0.0132272
Heightened Def Con from 0.0132372 to 0.0132372
Heightened Def Con from 0.0132472 to 0.0132472
Heightened Def Con from 0.0132572 to 0.0132572
Heightened Def Con from 0.0132572 to 0.0132572
Heightened Def Con from 0.0132672 to 0.0132672
Heightened Def Con from 0.0132772 to 0.0132772
Heightened Def Con from 0.0132772 to 0.0132772
Heightened Def Con from 0.0132872 to 0.0132872
Heightened Def Con from 0.0132872 to 0.0132872
Heightened Def Con from 0.0132972 to 0.0132972
Heightened Def Con from 0.0133072 to 0.0133072
Heightened Def Con from 0.0133172 to 0.0133172
Heightened Def Con from 0.0133272 to 0.0133272
Heightened Def Con from 0.0133372 to 0.0133372
Heightened Def Con from 0.0133472 to 0.0133472
Heightened Def Con from 0.0133572 to 0.0133572
Heightened Def Con from 0.0133672 to 0.0133672
Heightened Def Con from 0.0133672 to 0.0133672
Heightened Def Con from 0.0133772 to 0.0133772
Heightened Def Con from 0.0133872 to 0.0133872
Heightened Def Con from 0.0133972 to 0.0133972
Heightened Def Con from 0.0134072 to 0.0134072
Heightened Def Con from 0.0134172 to 0.0134172
Heightened Def Con from 0.0134272 to 0.0134272
Heightened Def Con from 0.0134372 to 0.0134372
Heightened Def Con from 0.0134372 to 0.0134372
Heightened Def Con from 0.0134472 to 0.0134472
Heightened Def Con from 0.0134572 to 0.0134572
Heightened Def Con from 0.0134572 to 0.0134572
Heightened Def Con from 0.0134672 to 0.0134672
Heightened Def Con from 0.0134772 to 0.0134772
Heightened Def Con from 0.0134872 to 0.0134872
Heightened Def Con from 0.0134972 to 0.0134972
Heightened Def Con from 0.0134972 to 0.0134972
Heightened Def Con from 0.0135072 to 0.0135072
Heightened Def Con from 0.0135172 to 0.0135172
Heightened Def Con from 0.0135272 to 0.0135272
Heightened Def Con from 0.0135272 to 0.0135272
Heightened Def Con from 0.0135472 to 0.0135472
Heightened Def Con from 0.0135572 to 0.0135572
Heightened Def Con from 0.0135672 to 0.0135672
Heightened Def Con from 0.0135772 to 0.0135772
Heightened Def Con from 0.0135872 to 0.0135872
Heightened Def Con from 0.0135972 to 0.0135972
Heightened Def Con from 0.0136072 to 0.0136072
Heightened Def Con from 0.0136072 to 0.0136072
Heightened Def Con from 0.0136172 to 0.0136172
Heightened Def Con from 0.0136272 to 0.0136272
Heightened Def Con from 0.0136372 to 0.0136372
Heightened Def Con from 0.0136472 to 0.0136472
Heightened Def Con from 0.0136572 to 0.0136572
Heightened Def Con from 0.0136672 to 0.0136672
Heightened Def Con from 0.0136772 to 0.0136772
Heightened Def Con from 0.0136872 to 0.0136872
Heightened Def Con from 0.0136972 to 0.0136972
Heightened Def Con from 0.0137172 to 0.0137172
Heightened Def Con from 0.0137272 to 0.0137272
Heightened Def Con from 0.0137272 to 0.0137272
Heightened Def Con from 0.0137372 to 0.0137372
Heightened Def Con from 0.0137472 to 0.0137472
Heightened Def Con from 0.0137672 to 0.0137672
Heightened Def Con from 0.0137872 to 0.0137872
Heightened Def Con from 0.0137972 to 0.0137972
Heightened Def Con from 0.0138072 to 0.0138072
Heightened Def Con from 0.0138172 to 0.0138172
Heightened Def Con from 0.0138272 to 0.0138272
Heightened Def Con from 0.0138372 to 0.0138372
Heightened Def Con from 0.0138472 to 0.0138472
Heightened Def Con from 0.0138572 to 0.0138572
Heightened Def Con from 0.0138672 to 0.0138672
Heightened Def Con from 0.0138772 to 0.0138772
Heightened Def Con from 0.0138872 to 0.0138872
Heightened Def Con from 0.0138972 to 0.0138972
Heightened Def Con from 0.0139072 to 0.0139072
Heightened Def Con from 0.0139072 to 0.0139072
Heightened Def Con from 0.0139172 to 0.0139172
Heightened Def Con from 0.0139272 to 0.0139272
Heightened Def Con from 0.0139372 to 0.0139372
Heightened Def Con from 0.0139472 to 0.0139472
Heightened Def Con from 0.0139572 to 0.0139572
Heightened Def Con from 0.0139672 to 0.0139672
Heightened Def Con from 0.0139772 to 0.0139772
Heightened Def Con from 0.0139872 to 0.0139872
Heightened Def Con from 0.0139972 to 0.0139972
Heightened Def Con from 0.0140072 to 0.0140072
Heightened Def Con from 0.0140172 to 0.0140172
Heightened Def Con from 0.0140272 to 0.0140272
Heightened Def Con from 0.0140472 to 0.0140472
Heightened Def Con from 0.0140572 to 0.0140572
Heightened Def Con from 0.0140572 to 0.0140572
Heightened Def Con from 0.0140672 to 0.0140672
Heightened Def Con from 0.0140772 to 0.0140772
Heightened Def Con from 0.0140872 to 0.0140872
Heightened Def Con from 0.0141072 to 0.0141072
Heightened Def Con from 0.0141072 to 0.0141072
Heightened Def Con from 0.0141172 to 0.0141172
Heightened Def Con from 0.0141272 to 0.0141272
Heightened Def Con from 0.0141372 to 0.0141372
Heightened Def Con from 0.0141472 to 0.0141472
Heightened Def Con from 0.0141572 to 0.0141572
Heightened Def Con from 0.0141672 to 0.0141672
Heightened Def Con from 0.0141672 to 0.0141672
Heightened Def Con from 0.0141772 to 0.0141772
Heightened Def Con from 0.0141872 to 0.0141872
Heightened Def Con from 0.0141972 to 0.0141972
Heightened Def Con from 0.0142072 to 0.0142072
Heightened Def Con from 0.0142172 to 0.0142172
Heightened Def Con from 0.0142272 to 0.0142272
Heightened Def Con from 0.0142372 to 0.0142372
Heightened Def Con from 0.0142472 to 0.0142472
Heightened Def Con from 0.0142572 to 0.0142572
Heightened Def Con from 0.0142572 to 0.0142572
Heightened Def Con from 0.0142672 to 0.0142672
Heightened Def Con from 0.0142672 to 0.0142672
Heightened Def Con from 0.0142772 to 0.0142772
Heightened Def Con from 0.0142872 to 0.0142872
Heightened Def Con from 0.0142972 to 0.0142972
Heightened Def Con from 0.0143072 to 0.0143072
Heightened Def Con from 0.0143072 to 0.0143072
Heightened Def Con from 0.0143172 to 0.0143172
Heightened Def Con from 0.0143172 to 0.0143172
Heightened Def Con from 0.0143272 to 0.0143272
Heightened Def Con from 0.0143372 to 0.0143372
Heightened Def Con from 0.0143472 to 0.0143472
Heightened Def Con from 0.0143572 to 0.0143572
Heightened Def Con from 0.0143572 to 0.0143572
Heightened Def Con from 0.0143672 to 0.0143672
Heightened Def Con from 0.0143772 to 0.0143772
Heightened Def Con from 0.0143872 to 0.0143872
Heightened Def Con from 0.0143872 to 0.0143872
Heightened Def Con from 0.0144072 to 0.0144072
Heightened Def Con from 0.0144072 to 0.0144072
Heightened Def Con from 0.0144172 to 0.0144172
Heightened Def Con from 0.0144272 to 0.0144272
Heightened Def Con from 0.0144372 to 0.0144372
Heightened Def Con from 0.0144572 to 0.0144572
Heightened Def Con from 0.0144672 to 0.0144672
Heightened Def Con from 0.0144772 to 0.0144772
Heightened Def Con from 0.0144872 to 0.0144872
Heightened Def Con from 0.0144972 to 0.0144972
Heightened Def Con from 0.0144972 to 0.0144972
Heightened Def Con from 0.0145172 to 0.0145172
Heightened Def Con from 0.0145272 to 0.0145272
Heightened Def Con from 0.0145272 to 0.0145272
Heightened Def Con from 0.0145372 to 0.0145372
Heightened Def Con from 0.0145472 to 0.0145472
Heightened Def Con from 0.0145572 to 0.0145572
Heightened Def Con from 0.0145672 to 0.0145672
Heightened Def Con from 0.0145672 to 0.0145672
Heightened Def Con from 0.0145772 to 0.0145772
Heightened Def Con from 0.0145872 to 0.0145872
Heightened Def Con from 0.0145872 to 0.0145872
Heightened Def Con from 0.0145972 to 0.0145972
Heightened Def Con from 0.0146072 to 0.0146072
Heightened Def Con from 0.0146172 to 0.0146172
Heightened Def Con from 0.0146272 to 0.0146272
Heightened Def Con from 0.0146372 to 0.0146372
Heightened Def Con from 0.0146672 to 0.0146672
Heightened Def Con from 0.0146772 to 0.0146772
Heightened Def Con from 0.0146872 to 0.0146872
Heightened Def Con from 0.0146972 to 0.0146972
Heightened Def Con from 0.0147072 to 0.0147072
Heightened Def Con from 0.0147172 to 0.0147172
Heightened Def Con from 0.0147272 to 0.0147272
Heightened Def Con from 0.0147272 to 0.0147272
Heightened Def Con from 0.0147372 to 0.0147372
Heightened Def Con from 0.0147472 to 0.0147472
Heightened Def Con from 0.0147572 to 0.0147572
Heightened Def Con from 0.0147572 to 0.0147572
Heightened Def Con from 0.0147672 to 0.0147672
Heightened Def Con from 0.0147672 to 0.0147672
Heightened Def Con from 0.0147772 to 0.0147772
Heightened Def Con from 0.0147872 to 0.0147872
Heightened Def Con from 0.0147972 to 0.0147972
Heightened Def Con from 0.0148072 to 0.0148072
Heightened Def Con from 0.0148172 to 0.0148172
Heightened Def Con from 0.0148272 to 0.0148272
Heightened Def Con from 0.0148372 to 0.0148372
Heightened Def Con from 0.0148372 to 0.0148372
Heightened Def Con from 0.0148472 to 0.0148472
Heightened Def Con from 0.0148672 to 0.0148672
Heightened Def Con from 0.0148772 to 0.0148772
Heightened Def Con from 0.0148972 to 0.0148972
Heightened Def Con from 0.0149072 to 0.0149072
Heightened Def Con from 0.0149272 to 0.0149272
Heightened Def Con from 0.0149372 to 0.0149372
Heightened Def Con from 0.0149472 to 0.0149472
Heightened Def Con from 0.0149572 to 0.0149572
Heightened Def Con from 0.0149672 to 0.0149672
Heightened Def Con from 0.0149872 to 0.0149872
Heightened Def Con from 0.0149972 to 0.0149972
.step x=6.66e-006
.step x=6.82e-006
.step x=6.98e-006
.step x=7.14e-006
.step x=7.3e-006
.step x=7.46e-006
.step x=7.62e-006
.step x=7.78e-006
.step x=7.94e-006
.step x=8.1e-006

Date: Thu Nov 14 09:14:57 2019
Total elapsed time: 723.052 seconds.

tnom = 27
temp = 27
method = modified trap
totiter = 3493223
traniter = 3493206
tranpoints = 1343172
accept = 914713
rejected = 429854
matrix size = 39
fillins = 31
solver = Normal
Matrix Compiler1: 3.28 KB object code size  2.1/1.3/[0.8]
Matrix Compiler2: off  [1.0]/1.6/1.1

